{"/home/travis/build/npmtest/node-npmtest-es6-module-loader/test.js":{"path":"/home/travis/build/npmtest/node-npmtest-es6-module-loader/test.js","s":{"1":2,"2":2,"3":2,"4":2,"5":2,"6":2,"7":2,"8":1,"9":2,"10":2,"11":1,"12":1,"13":1,"14":1,"15":2,"16":2,"17":2,"18":2,"19":1,"20":1,"21":2,"22":2,"23":2,"24":1,"25":1,"26":1,"27":1,"28":1,"29":1,"30":1,"31":1,"32":1,"33":1,"34":1,"35":1,"36":1,"37":1,"38":1,"39":2,"40":2,"41":1,"42":2,"43":2,"44":1,"45":2,"46":2,"47":1,"48":2,"49":2,"50":1,"51":1,"52":1,"53":1,"54":1},"b":{"1":[2,1,1,1],"2":[1,1,1,1],"3":[1,1],"4":[1,1],"5":[1,1],"6":[1,1],"7":[1,1],"8":[1,1],"9":[1,1],"10":[1,1,1],"11":[1,1],"12":[1,1],"13":[1,1],"14":[1,1],"15":[1,1],"16":[1,1],"17":[1,1]},"f":{"1":2,"2":2,"3":2,"4":2,"5":2,"6":1,"7":1,"8":1,"9":2,"10":2,"11":2,"12":2,"13":1},"fnMap":{"1":{"name":"(anonymous_1)","line":12,"loc":{"start":{"line":12,"column":1},"end":{"line":12,"column":13}}},"2":{"name":"(anonymous_2)","line":19,"loc":{"start":{"line":19,"column":5},"end":{"line":19,"column":17}}},"3":{"name":"(anonymous_3)","line":23,"loc":{"start":{"line":23,"column":24},"end":{"line":23,"column":36}}},"4":{"name":"(anonymous_4)","line":61,"loc":{"start":{"line":61,"column":5},"end":{"line":61,"column":17}}},"5":{"name":"(anonymous_5)","line":82,"loc":{"start":{"line":82,"column":5},"end":{"line":82,"column":17}}},"6":{"name":"(anonymous_6)","line":91,"loc":{"start":{"line":91,"column":77},"end":{"line":94,"column":10}}},"7":{"name":"(anonymous_7)","line":112,"loc":{"start":{"line":112,"column":83},"end":{"line":115,"column":10}},"skip":true},"8":{"name":"(anonymous_8)","line":123,"loc":{"start":{"line":123,"column":77},"end":{"line":126,"column":10}},"skip":true},"9":{"name":"(anonymous_9)","line":139,"loc":{"start":{"line":139,"column":12},"end":{"line":139,"column":40}},"skip":true},"10":{"name":"(anonymous_10)","line":147,"loc":{"start":{"line":147,"column":77},"end":{"line":150,"column":10}},"skip":true},"11":{"name":"(anonymous_11)","line":158,"loc":{"start":{"line":158,"column":83},"end":{"line":161,"column":10}},"skip":true},"12":{"name":"(anonymous_12)","line":169,"loc":{"start":{"line":169,"column":79},"end":{"line":172,"column":10}},"skip":true},"13":{"name":"(anonymous_13)","line":180,"loc":{"start":{"line":180,"column":75},"end":{"line":183,"column":10}},"skip":true}},"statementMap":{"1":{"start":{"line":12,"column":0},"end":{"line":195,"column":5}},"2":{"start":{"line":14,"column":4},"end":{"line":14,"column":14}},"3":{"start":{"line":19,"column":4},"end":{"line":56,"column":9}},"4":{"start":{"line":21,"column":8},"end":{"line":21,"column":19}},"5":{"start":{"line":23,"column":8},"end":{"line":35,"column":13}},"6":{"start":{"line":24,"column":12},"end":{"line":34,"column":13}},"7":{"start":{"line":25,"column":16},"end":{"line":28,"column":30}},"8":{"start":{"line":30,"column":16},"end":{"line":33,"column":27}},"9":{"start":{"line":37,"column":8},"end":{"line":39,"column":21}},"10":{"start":{"line":40,"column":8},"end":{"line":53,"column":9}},"11":{"start":{"line":43,"column":12},"end":{"line":46,"column":14}},"12":{"start":{"line":47,"column":12},"end":{"line":47,"column":18}},"13":{"start":{"line":50,"column":12},"end":{"line":51,"column":33}},"14":{"start":{"line":52,"column":12},"end":{"line":52,"column":18}},"15":{"start":{"line":55,"column":8},"end":{"line":55,"column":35}},"16":{"start":{"line":61,"column":4},"end":{"line":63,"column":9}},"17":{"start":{"line":62,"column":8},"end":{"line":62,"column":15}},"18":{"start":{"line":64,"column":4},"end":{"line":77,"column":5}},"19":{"start":{"line":70,"column":8},"end":{"line":70,"column":14}},"20":{"start":{"line":76,"column":8},"end":{"line":76,"column":14}},"21":{"start":{"line":82,"column":4},"end":{"line":84,"column":9}},"22":{"start":{"line":83,"column":8},"end":{"line":83,"column":15}},"23":{"start":{"line":85,"column":4},"end":{"line":194,"column":5}},"24":{"start":{"line":91,"column":8},"end":{"line":99,"column":10}},"25":{"start":{"line":98,"column":12},"end":{"line":98,"column":35}},"26":{"start":{"line":102,"column":8},"end":{"line":104,"column":63}},"27":{"start":{"line":105,"column":8},"end":{"line":105,"column":14}},"28":{"start":{"line":112,"column":8},"end":{"line":121,"column":10},"skip":true},"29":{"start":{"line":119,"column":12},"end":{"line":119,"column":55},"skip":true},"30":{"start":{"line":120,"column":12},"end":{"line":120,"column":48},"skip":true},"31":{"start":{"line":123,"column":8},"end":{"line":136,"column":10},"skip":true},"32":{"start":{"line":130,"column":12},"end":{"line":130,"column":76},"skip":true},"33":{"start":{"line":131,"column":12},"end":{"line":131,"column":73},"skip":true},"34":{"start":{"line":132,"column":12},"end":{"line":132,"column":74},"skip":true},"35":{"start":{"line":133,"column":12},"end":{"line":133,"column":79},"skip":true},"36":{"start":{"line":134,"column":12},"end":{"line":134,"column":25},"skip":true},"37":{"start":{"line":135,"column":12},"end":{"line":135,"column":45},"skip":true},"38":{"start":{"line":138,"column":8},"end":{"line":145,"column":14},"skip":true},"39":{"start":{"line":143,"column":16},"end":{"line":143,"column":29},"skip":true},"40":{"start":{"line":144,"column":16},"end":{"line":144,"column":55},"skip":true},"41":{"start":{"line":147,"column":8},"end":{"line":156,"column":10},"skip":true},"42":{"start":{"line":154,"column":12},"end":{"line":154,"column":25},"skip":true},"43":{"start":{"line":155,"column":12},"end":{"line":155,"column":45},"skip":true},"44":{"start":{"line":158,"column":8},"end":{"line":167,"column":10},"skip":true},"45":{"start":{"line":165,"column":12},"end":{"line":165,"column":25},"skip":true},"46":{"start":{"line":166,"column":12},"end":{"line":166,"column":48},"skip":true},"47":{"start":{"line":169,"column":8},"end":{"line":178,"column":10},"skip":true},"48":{"start":{"line":176,"column":12},"end":{"line":176,"column":25},"skip":true},"49":{"start":{"line":177,"column":12},"end":{"line":177,"column":46},"skip":true},"50":{"start":{"line":180,"column":8},"end":{"line":189,"column":10},"skip":true},"51":{"start":{"line":187,"column":12},"end":{"line":187,"column":94},"skip":true},"52":{"start":{"line":188,"column":12},"end":{"line":188,"column":48},"skip":true},"53":{"start":{"line":192,"column":8},"end":{"line":192,"column":35},"skip":true},"54":{"start":{"line":193,"column":8},"end":{"line":193,"column":14},"skip":true}},"branchMap":{"1":{"line":25,"type":"binary-expr","locations":[{"start":{"line":25,"column":23},"end":{"line":25,"column":62}},{"start":{"line":26,"column":20},"end":{"line":26,"column":70}},{"start":{"line":27,"column":20},"end":{"line":27,"column":71}},{"start":{"line":28,"column":20},"end":{"line":28,"column":29}}]},"2":{"line":30,"type":"binary-expr","locations":[{"start":{"line":30,"column":23},"end":{"line":30,"column":37}},{"start":{"line":31,"column":20},"end":{"line":31,"column":61}},{"start":{"line":32,"column":20},"end":{"line":32,"column":70}},{"start":{"line":33,"column":20},"end":{"line":33,"column":26}}]},"3":{"line":37,"type":"cond-expr","locations":[{"start":{"line":38,"column":14},"end":{"line":38,"column":20}},{"start":{"line":39,"column":14},"end":{"line":39,"column":20}}]},"4":{"line":40,"type":"switch","locations":[{"start":{"line":42,"column":8},"end":{"line":47,"column":18}},{"start":{"line":49,"column":8},"end":{"line":52,"column":18}}]},"5":{"line":44,"type":"binary-expr","locations":[{"start":{"line":44,"column":16},"end":{"line":44,"column":44}},{"start":{"line":44,"column":48},"end":{"line":44,"column":66}}]},"6":{"line":50,"type":"binary-expr","locations":[{"start":{"line":50,"column":21},"end":{"line":50,"column":49}},{"start":{"line":50,"column":53},"end":{"line":50,"column":72}}]},"7":{"line":64,"type":"switch","locations":[{"start":{"line":69,"column":4},"end":{"line":70,"column":14}},{"start":{"line":75,"column":4},"end":{"line":76,"column":14}}]},"8":{"line":85,"type":"switch","locations":[{"start":{"line":90,"column":4},"end":{"line":105,"column":14}},{"start":{"line":111,"column":4},"end":{"line":193,"column":14},"skip":true}]},"9":{"line":91,"type":"binary-expr","locations":[{"start":{"line":91,"column":42},"end":{"line":91,"column":73}},{"start":{"line":91,"column":77},"end":{"line":99,"column":9}}]},"10":{"line":102,"type":"binary-expr","locations":[{"start":{"line":102,"column":18},"end":{"line":102,"column":32}},{"start":{"line":103,"column":12},"end":{"line":103,"column":53}},{"start":{"line":104,"column":12},"end":{"line":104,"column":61}}]},"11":{"line":112,"type":"binary-expr","locations":[{"start":{"line":112,"column":45},"end":{"line":112,"column":79},"skip":true},{"start":{"line":112,"column":83},"end":{"line":121,"column":9},"skip":true}]},"12":{"line":123,"type":"binary-expr","locations":[{"start":{"line":123,"column":42},"end":{"line":123,"column":73},"skip":true},{"start":{"line":123,"column":77},"end":{"line":136,"column":9},"skip":true}]},"13":{"line":138,"type":"binary-expr","locations":[{"start":{"line":138,"column":48},"end":{"line":138,"column":85},"skip":true},{"start":{"line":139,"column":12},"end":{"line":145,"column":13},"skip":true}]},"14":{"line":147,"type":"binary-expr","locations":[{"start":{"line":147,"column":42},"end":{"line":147,"column":73},"skip":true},{"start":{"line":147,"column":77},"end":{"line":156,"column":9},"skip":true}]},"15":{"line":158,"type":"binary-expr","locations":[{"start":{"line":158,"column":45},"end":{"line":158,"column":79},"skip":true},{"start":{"line":158,"column":83},"end":{"line":167,"column":9},"skip":true}]},"16":{"line":169,"type":"binary-expr","locations":[{"start":{"line":169,"column":43},"end":{"line":169,"column":75},"skip":true},{"start":{"line":169,"column":79},"end":{"line":178,"column":9},"skip":true}]},"17":{"line":180,"type":"binary-expr","locations":[{"start":{"line":180,"column":41},"end":{"line":180,"column":71},"skip":true},{"start":{"line":180,"column":75},"end":{"line":189,"column":9},"skip":true}]}},"code":["/* istanbul instrument in package npmtest_es6_module_loader */","/*jslint","    bitwise: true,","    browser: true,","    maxerr: 8,","    maxlen: 96,","    node: true,","    nomen: true,","    regexp: true,","    stupid: true","*/","(function () {","    'use strict';","    var local;","","","","    // run shared js-env code - init-before","    (function () {","        // init local","        local = {};","        // init modeJs","        local.modeJs = (function () {","            try {","                return typeof navigator.userAgent === 'string' &&","                    typeof document.querySelector('body') === 'object' &&","                    typeof XMLHttpRequest.prototype.open === 'function' &&","                    'browser';","            } catch (errorCaughtBrowser) {","                return module.exports &&","                    typeof process.versions.node === 'string' &&","                    typeof require('http').createServer === 'function' &&","                    'node';","            }","        }());","        // init global","        local.global = local.modeJs === 'browser'","            ? window","            : global;","        switch (local.modeJs) {","        // re-init local from window.local","        case 'browser':","            local = local.global.utility2.objectSetDefault(","                local.global.utility2_rollup || local.global.local,","                local.global.utility2","            );","            break;","        // re-init local from example.js","        case 'node':","            local = (local.global.utility2_rollup || require('utility2'))","                .requireReadme();","            break;","        }","        // export local","        local.global.local = local;","    }());","","","","    // run shared js-env code - function","    (function () {","        return;","    }());","    switch (local.modeJs) {","","","","    // run browser js-env code - function","    case 'browser':","        break;","","","","    // run node js-env code - function","    case 'node':","        break;","    }","","","","    // run shared js-env code - init-after","    (function () {","        return;","    }());","    switch (local.modeJs) {","","","","    // run browser js-env code - init-after","    case 'browser':","        local.testCase_browser_nullCase = local.testCase_browser_nullCase || function (","            options,","            onError","        ) {","        /*","         * this function will test browsers's null-case handling-behavior-behavior","         */","            onError(null, options);","        };","","        // run tests","        local.nop(local.modeTest &&","            document.querySelector('#testRunButton1') &&","            document.querySelector('#testRunButton1').click());","        break;","","","","    // run node js-env code - init-after","    /* istanbul ignore next */","    case 'node':","        local.testCase_buildApidoc_default = local.testCase_buildApidoc_default || function (","            options,","            onError","        ) {","        /*","         * this function will test buildApidoc's default handling-behavior-behavior","         */","            options = { modulePathList: module.paths };","            local.buildApidoc(options, onError);","        };","","        local.testCase_buildApp_default = local.testCase_buildApp_default || function (","            options,","            onError","        ) {","        /*","         * this function will test buildApp's default handling-behavior-behavior","         */","            local.testCase_buildReadme_default(options, local.onErrorThrow);","            local.testCase_buildLib_default(options, local.onErrorThrow);","            local.testCase_buildTest_default(options, local.onErrorThrow);","            local.testCase_buildCustomOrg_default(options, local.onErrorThrow);","            options = [];","            local.buildApp(options, onError);","        };","","        local.testCase_buildCustomOrg_default = local.testCase_buildCustomOrg_default ||","            function (options, onError) {","            /*","             * this function will test buildCustomOrg's default handling-behavior","             */","                options = {};","                local.buildCustomOrg(options, onError);","            };","","        local.testCase_buildLib_default = local.testCase_buildLib_default || function (","            options,","            onError","        ) {","        /*","         * this function will test buildLib's default handling-behavior","         */","            options = {};","            local.buildLib(options, onError);","        };","","        local.testCase_buildReadme_default = local.testCase_buildReadme_default || function (","            options,","            onError","        ) {","        /*","         * this function will test buildReadme's default handling-behavior-behavior","         */","            options = {};","            local.buildReadme(options, onError);","        };","","        local.testCase_buildTest_default = local.testCase_buildTest_default || function (","            options,","            onError","        ) {","        /*","         * this function will test buildTest's default handling-behavior","         */","            options = {};","            local.buildTest(options, onError);","        };","","        local.testCase_webpage_default = local.testCase_webpage_default || function (","            options,","            onError","        ) {","        /*","         * this function will test webpage's default handling-behavior","         */","            options = { modeCoverageMerge: true, url: local.serverLocalHost + '?modeTest=1' };","            local.browserTest(options, onError);","        };","","        // run test-server","        local.testRunServer(local);","        break;","    }","}());",""],"l":{"12":2,"14":2,"19":2,"21":2,"23":2,"24":2,"25":2,"30":1,"37":2,"40":2,"43":1,"47":1,"50":1,"52":1,"55":2,"61":2,"62":2,"64":2,"70":1,"76":1,"82":2,"83":2,"85":2,"91":1,"98":1,"102":1,"105":1,"112":1,"119":1,"120":1,"123":1,"130":1,"131":1,"132":1,"133":1,"134":1,"135":1,"138":1,"143":2,"144":2,"147":1,"154":2,"155":2,"158":1,"165":2,"166":2,"169":1,"176":2,"177":2,"180":1,"187":1,"188":1,"192":1,"193":1}},"/home/travis/build/npmtest/node-npmtest-es6-module-loader/lib.npmtest_es6_module_loader.js":{"path":"/home/travis/build/npmtest/node-npmtest-es6-module-loader/lib.npmtest_es6_module_loader.js","s":{"1":2,"2":2,"3":2,"4":2,"5":2,"6":2,"7":2,"8":1,"9":2,"10":2,"11":2,"12":2,"13":1,"14":1,"15":1,"16":1},"b":{"1":[2,1,1,1],"2":[1,1,1,1],"3":[1,1],"4":[2,2],"5":[1,1]},"f":{"1":2,"2":2,"3":2},"fnMap":{"1":{"name":"(anonymous_1)","line":12,"loc":{"start":{"line":12,"column":1},"end":{"line":12,"column":13}}},"2":{"name":"(anonymous_2)","line":19,"loc":{"start":{"line":19,"column":5},"end":{"line":19,"column":17}}},"3":{"name":"(anonymous_3)","line":23,"loc":{"start":{"line":23,"column":24},"end":{"line":23,"column":36}}}},"statementMap":{"1":{"start":{"line":12,"column":0},"end":{"line":53,"column":5}},"2":{"start":{"line":14,"column":4},"end":{"line":14,"column":14}},"3":{"start":{"line":19,"column":4},"end":{"line":52,"column":9}},"4":{"start":{"line":21,"column":8},"end":{"line":21,"column":19}},"5":{"start":{"line":23,"column":8},"end":{"line":35,"column":13}},"6":{"start":{"line":24,"column":12},"end":{"line":34,"column":13}},"7":{"start":{"line":25,"column":16},"end":{"line":28,"column":30}},"8":{"start":{"line":30,"column":16},"end":{"line":33,"column":27}},"9":{"start":{"line":37,"column":8},"end":{"line":39,"column":21}},"10":{"start":{"line":41,"column":8},"end":{"line":41,"column":54}},"11":{"start":{"line":43,"column":8},"end":{"line":43,"column":62}},"12":{"start":{"line":45,"column":8},"end":{"line":51,"column":9}},"13":{"start":{"line":46,"column":12},"end":{"line":46,"column":68}},"14":{"start":{"line":48,"column":12},"end":{"line":48,"column":35}},"15":{"start":{"line":49,"column":12},"end":{"line":49,"column":49}},"16":{"start":{"line":50,"column":12},"end":{"line":50,"column":43}}},"branchMap":{"1":{"line":25,"type":"binary-expr","locations":[{"start":{"line":25,"column":23},"end":{"line":25,"column":62}},{"start":{"line":26,"column":20},"end":{"line":26,"column":70}},{"start":{"line":27,"column":20},"end":{"line":27,"column":71}},{"start":{"line":28,"column":20},"end":{"line":28,"column":29}}]},"2":{"line":30,"type":"binary-expr","locations":[{"start":{"line":30,"column":23},"end":{"line":30,"column":37}},{"start":{"line":31,"column":20},"end":{"line":31,"column":61}},{"start":{"line":32,"column":20},"end":{"line":32,"column":70}},{"start":{"line":33,"column":20},"end":{"line":33,"column":26}}]},"3":{"line":37,"type":"cond-expr","locations":[{"start":{"line":38,"column":14},"end":{"line":38,"column":20}},{"start":{"line":39,"column":14},"end":{"line":39,"column":20}}]},"4":{"line":41,"type":"binary-expr","locations":[{"start":{"line":41,"column":16},"end":{"line":41,"column":44}},{"start":{"line":41,"column":48},"end":{"line":41,"column":53}}]},"5":{"line":45,"type":"if","locations":[{"start":{"line":45,"column":8},"end":{"line":45,"column":8}},{"start":{"line":45,"column":8},"end":{"line":45,"column":8}}]}},"code":["/* istanbul instrument in package npmtest_es6_module_loader */","/*jslint","    bitwise: true,","    browser: true,","    maxerr: 8,","    maxlen: 96,","    node: true,","    nomen: true,","    regexp: true,","    stupid: true","*/","(function () {","    'use strict';","    var local;","","","","    // run shared js-env code - init-before","    (function () {","        // init local","        local = {};","        // init modeJs","        local.modeJs = (function () {","            try {","                return typeof navigator.userAgent === 'string' &&","                    typeof document.querySelector('body') === 'object' &&","                    typeof XMLHttpRequest.prototype.open === 'function' &&","                    'browser';","            } catch (errorCaughtBrowser) {","                return module.exports &&","                    typeof process.versions.node === 'string' &&","                    typeof require('http').createServer === 'function' &&","                    'node';","            }","        }());","        // init global","        local.global = local.modeJs === 'browser'","            ? window","            : global;","        // init utility2_rollup","        local = local.global.utility2_rollup || local;","        // init lib","        local.local = local.npmtest_es6_module_loader = local;","        // init exports","        if (local.modeJs === 'browser') {","            local.global.utility2_npmtest_es6_module_loader = local;","        } else {","            module.exports = local;","            module.exports.__dirname = __dirname;","            module.exports.module = module;","        }","    }());","}());",""],"l":{"12":2,"14":2,"19":2,"21":2,"23":2,"24":2,"25":2,"30":1,"37":2,"41":2,"43":2,"45":2,"46":1,"48":1,"49":1,"50":1}},"/home/travis/build/npmtest/node-npmtest-es6-module-loader/example.js":{"path":"/home/travis/build/npmtest/node-npmtest-es6-module-loader/example.js","s":{"1":2,"2":2,"3":2,"4":2,"5":2,"6":2,"7":2,"8":1,"9":2,"10":2,"11":2,"12":2,"13":1,"14":2,"15":2,"16":2,"17":2,"18":2,"19":0,"20":2,"21":1,"22":1,"23":1,"24":1,"25":1,"26":0,"27":0,"28":1,"29":1,"30":2,"31":0,"32":0,"33":0,"34":1,"35":2,"36":2,"37":3,"38":3,"39":3,"40":3,"41":0,"42":3,"43":3,"44":3,"45":1,"46":3,"47":1,"48":1,"49":1,"50":1,"51":1,"52":1,"53":1,"54":1,"55":1,"56":1,"57":0,"58":1,"59":6,"60":6,"61":1,"62":2,"63":0,"64":2,"65":1,"66":1,"67":0,"68":0,"69":0,"70":0,"71":0,"72":0,"73":0,"74":0,"75":0,"76":0,"77":0,"78":0,"79":0,"80":0,"81":0,"82":0,"83":0},"b":{"1":[2,1,1,1],"2":[1,1,1,1],"3":[1,1],"4":[2,2],"5":[1,1],"6":[1,1],"7":[2,0],"8":[2,1,1,1,1,1],"9":[0,2,0],"10":[1,1],"11":[2,1,1],"12":[1,0],"13":[0,2],"14":[2,0,0,0,0,0,0],"15":[0,3],"16":[3,0],"17":[1,1],"18":[0,1],"19":[1,2,0,2],"20":[1,0],"21":[1,1],"22":[0,0],"23":[0,0],"24":[0,0],"25":[0,0],"26":[0,0],"27":[0,0],"28":[0,0]},"f":{"1":2,"2":2,"3":2,"4":2,"5":2,"6":2,"7":3,"8":3,"9":3,"10":1,"11":6,"12":0},"fnMap":{"1":{"name":"(anonymous_1)","line":26,"loc":{"start":{"line":26,"column":1},"end":{"line":26,"column":13}}},"2":{"name":"(anonymous_2)","line":33,"loc":{"start":{"line":33,"column":5},"end":{"line":33,"column":17}}},"3":{"name":"(anonymous_3)","line":37,"loc":{"start":{"line":37,"column":24},"end":{"line":37,"column":36}}},"4":{"name":"(anonymous_4)","line":69,"loc":{"start":{"line":69,"column":31},"end":{"line":69,"column":48}},"skip":true},"5":{"name":"(anonymous_5)","line":78,"loc":{"start":{"line":78,"column":26},"end":{"line":78,"column":45}},"skip":true},"6":{"name":"(anonymous_6)","line":123,"loc":{"start":{"line":123,"column":33},"end":{"line":123,"column":48}},"skip":true},"7":{"name":"(anonymous_7)","line":125,"loc":{"start":{"line":125,"column":27},"end":{"line":125,"column":39}},"skip":true},"8":{"name":"(anonymous_8)","line":133,"loc":{"start":{"line":133,"column":59},"end":{"line":133,"column":74}},"skip":true},"9":{"name":"(anonymous_9)","line":143,"loc":{"start":{"line":143,"column":45},"end":{"line":143,"column":62}},"skip":true},"10":{"name":"(anonymous_10)","line":144,"loc":{"start":{"line":144,"column":73},"end":{"line":144,"column":92}},"skip":true},"11":{"name":"(anonymous_11)","line":272,"loc":{"start":{"line":272,"column":51},"end":{"line":272,"column":77}},"skip":true},"12":{"name":"(anonymous_12)","line":315,"loc":{"start":{"line":315,"column":32},"end":{"line":315,"column":61}},"skip":true}},"statementMap":{"1":{"start":{"line":26,"column":0},"end":{"line":326,"column":5}},"2":{"start":{"line":28,"column":4},"end":{"line":28,"column":14}},"3":{"start":{"line":33,"column":4},"end":{"line":60,"column":9}},"4":{"start":{"line":35,"column":8},"end":{"line":35,"column":19}},"5":{"start":{"line":37,"column":8},"end":{"line":49,"column":13}},"6":{"start":{"line":38,"column":12},"end":{"line":48,"column":13}},"7":{"start":{"line":39,"column":16},"end":{"line":42,"column":30}},"8":{"start":{"line":44,"column":16},"end":{"line":47,"column":27}},"9":{"start":{"line":51,"column":8},"end":{"line":53,"column":21}},"10":{"start":{"line":55,"column":8},"end":{"line":57,"column":45}},"11":{"start":{"line":59,"column":8},"end":{"line":59,"column":35}},"12":{"start":{"line":61,"column":4},"end":{"line":325,"column":5}},"13":{"start":{"line":69,"column":8},"end":{"line":121,"column":10},"skip":true},"14":{"start":{"line":70,"column":12},"end":{"line":88,"column":13},"skip":true},"15":{"start":{"line":76,"column":16},"end":{"line":87,"column":19},"skip":true},"16":{"start":{"line":79,"column":20},"end":{"line":86,"column":21},"skip":true},"17":{"start":{"line":82,"column":24},"end":{"line":82,"column":43},"skip":true},"18":{"start":{"line":83,"column":24},"end":{"line":83,"column":30},"skip":true},"19":{"start":{"line":85,"column":24},"end":{"line":85,"column":49},"skip":true},"20":{"start":{"line":89,"column":12},"end":{"line":107,"column":13},"skip":true},"21":{"start":{"line":92,"column":16},"end":{"line":102,"column":17},"skip":true},"22":{"start":{"line":93,"column":20},"end":{"line":93,"column":86},"skip":true},"23":{"start":{"line":94,"column":20},"end":{"line":95,"column":45},"skip":true},"24":{"start":{"line":96,"column":20},"end":{"line":96,"column":42},"skip":true},"25":{"start":{"line":97,"column":20},"end":{"line":97,"column":48},"skip":true},"26":{"start":{"line":100,"column":20},"end":{"line":100,"column":85},"skip":true},"27":{"start":{"line":101,"column":20},"end":{"line":101,"column":96},"skip":true},"28":{"start":{"line":103,"column":16},"end":{"line":103,"column":22},"skip":true},"29":{"start":{"line":106,"column":16},"end":{"line":106,"column":22},"skip":true},"30":{"start":{"line":108,"column":12},"end":{"line":120,"column":13},"skip":true},"31":{"start":{"line":114,"column":16},"end":{"line":119,"column":17},"skip":true},"32":{"start":{"line":116,"column":20},"end":{"line":116,"column":78},"skip":true},"33":{"start":{"line":118,"column":20},"end":{"line":118,"column":47},"skip":true},"34":{"start":{"line":123,"column":8},"end":{"line":141,"column":11},"skip":true},"35":{"start":{"line":124,"column":12},"end":{"line":124,"column":54},"skip":true},"36":{"start":{"line":125,"column":12},"end":{"line":140,"column":14},"skip":true},"37":{"start":{"line":126,"column":16},"end":{"line":126,"column":28},"skip":true},"38":{"start":{"line":127,"column":16},"end":{"line":127,"column":69},"skip":true},"39":{"start":{"line":128,"column":16},"end":{"line":128,"column":75},"skip":true},"40":{"start":{"line":129,"column":16},"end":{"line":131,"column":17},"skip":true},"41":{"start":{"line":130,"column":20},"end":{"line":130,"column":27},"skip":true},"42":{"start":{"line":133,"column":16},"end":{"line":137,"column":36},"skip":true},"43":{"start":{"line":134,"column":20},"end":{"line":136,"column":55},"skip":true},"44":{"start":{"line":139,"column":16},"end":{"line":139,"column":57},"skip":true},"45":{"start":{"line":143,"column":8},"end":{"line":147,"column":11},"skip":true},"46":{"start":{"line":144,"column":12},"end":{"line":146,"column":15},"skip":true},"47":{"start":{"line":145,"column":16},"end":{"line":145,"column":70},"skip":true},"48":{"start":{"line":149,"column":8},"end":{"line":149,"column":31},"skip":true},"49":{"start":{"line":150,"column":8},"end":{"line":150,"column":14},"skip":true},"50":{"start":{"line":158,"column":8},"end":{"line":158,"column":31},"skip":true},"51":{"start":{"line":160,"column":8},"end":{"line":160,"column":33},"skip":true},"52":{"start":{"line":161,"column":8},"end":{"line":161,"column":37},"skip":true},"53":{"start":{"line":162,"column":8},"end":{"line":162,"column":35},"skip":true},"54":{"start":{"line":164,"column":8},"end":{"line":164,"column":50},"skip":true},"55":{"start":{"line":166,"column":8},"end":{"line":256,"column":2},"skip":true},"56":{"start":{"line":258,"column":8},"end":{"line":286,"column":9},"skip":true},"57":{"start":{"line":259,"column":12},"end":{"line":269,"column":14},"skip":true},"58":{"start":{"line":271,"column":12},"end":{"line":285,"column":19},"skip":true},"59":{"start":{"line":274,"column":20},"end":{"line":274,"column":35},"skip":true},"60":{"start":{"line":275,"column":20},"end":{"line":284,"column":21},"skip":true},"61":{"start":{"line":277,"column":24},"end":{"line":277,"column":64},"skip":true},"62":{"start":{"line":279,"column":24},"end":{"line":279,"column":40},"skip":true},"63":{"start":{"line":281,"column":24},"end":{"line":281,"column":40},"skip":true},"64":{"start":{"line":283,"column":24},"end":{"line":283,"column":39},"skip":true},"65":{"start":{"line":288,"column":8},"end":{"line":290,"column":9},"skip":true},"66":{"start":{"line":289,"column":12},"end":{"line":289,"column":18},"skip":true},"67":{"start":{"line":291,"column":8},"end":{"line":293,"column":54},"skip":true},"68":{"start":{"line":296,"column":8},"end":{"line":301,"column":37},"skip":true},"69":{"start":{"line":303,"column":8},"end":{"line":303,"column":82},"skip":true},"70":{"start":{"line":306,"column":8},"end":{"line":308,"column":9},"skip":true},"71":{"start":{"line":307,"column":12},"end":{"line":307,"column":82},"skip":true},"72":{"start":{"line":310,"column":8},"end":{"line":312,"column":9},"skip":true},"73":{"start":{"line":311,"column":12},"end":{"line":311,"column":18},"skip":true},"74":{"start":{"line":313,"column":8},"end":{"line":313,"column":54},"skip":true},"75":{"start":{"line":314,"column":8},"end":{"line":314,"column":69},"skip":true},"76":{"start":{"line":315,"column":8},"end":{"line":323,"column":36},"skip":true},"77":{"start":{"line":316,"column":12},"end":{"line":316,"column":61},"skip":true},"78":{"start":{"line":317,"column":12},"end":{"line":320,"column":13},"skip":true},"79":{"start":{"line":318,"column":16},"end":{"line":318,"column":75},"skip":true},"80":{"start":{"line":319,"column":16},"end":{"line":319,"column":23},"skip":true},"81":{"start":{"line":321,"column":12},"end":{"line":321,"column":38},"skip":true},"82":{"start":{"line":322,"column":12},"end":{"line":322,"column":27},"skip":true},"83":{"start":{"line":324,"column":8},"end":{"line":324,"column":14},"skip":true}},"branchMap":{"1":{"line":39,"type":"binary-expr","locations":[{"start":{"line":39,"column":23},"end":{"line":39,"column":62}},{"start":{"line":40,"column":20},"end":{"line":40,"column":70}},{"start":{"line":41,"column":20},"end":{"line":41,"column":71}},{"start":{"line":42,"column":20},"end":{"line":42,"column":29}}]},"2":{"line":44,"type":"binary-expr","locations":[{"start":{"line":44,"column":23},"end":{"line":44,"column":37}},{"start":{"line":45,"column":20},"end":{"line":45,"column":61}},{"start":{"line":46,"column":20},"end":{"line":46,"column":70}},{"start":{"line":47,"column":20},"end":{"line":47,"column":26}}]},"3":{"line":51,"type":"cond-expr","locations":[{"start":{"line":52,"column":14},"end":{"line":52,"column":20}},{"start":{"line":53,"column":14},"end":{"line":53,"column":20}}]},"4":{"line":55,"type":"binary-expr","locations":[{"start":{"line":55,"column":16},"end":{"line":55,"column":44}},{"start":{"line":55,"column":49},"end":{"line":57,"column":43}}]},"5":{"line":55,"type":"cond-expr","locations":[{"start":{"line":56,"column":14},"end":{"line":56,"column":61}},{"start":{"line":57,"column":14},"end":{"line":57,"column":43}}]},"6":{"line":61,"type":"switch","locations":[{"start":{"line":68,"column":4},"end":{"line":150,"column":14},"skip":true},{"start":{"line":156,"column":4},"end":{"line":324,"column":14},"skip":true}]},"7":{"line":70,"type":"if","locations":[{"start":{"line":70,"column":12},"end":{"line":70,"column":12},"skip":true},{"start":{"line":70,"column":12},"end":{"line":70,"column":12},"skip":true}]},"8":{"line":70,"type":"binary-expr","locations":[{"start":{"line":70,"column":16},"end":{"line":70,"column":22},"skip":true},{"start":{"line":70,"column":27},"end":{"line":70,"column":32},"skip":true},{"start":{"line":71,"column":20},"end":{"line":71,"column":39},"skip":true},{"start":{"line":72,"column":20},"end":{"line":72,"column":49},"skip":true},{"start":{"line":73,"column":20},"end":{"line":73,"column":58},"skip":true},{"start":{"line":74,"column":20},"end":{"line":74,"column":69},"skip":true}]},"9":{"line":79,"type":"switch","locations":[{"start":{"line":80,"column":20},"end":{"line":80,"column":33},"skip":true},{"start":{"line":81,"column":20},"end":{"line":83,"column":30},"skip":true},{"start":{"line":84,"column":20},"end":{"line":85,"column":49},"skip":true}]},"10":{"line":89,"type":"switch","locations":[{"start":{"line":90,"column":12},"end":{"line":103,"column":22},"skip":true},{"start":{"line":105,"column":12},"end":{"line":106,"column":22},"skip":true}]},"11":{"line":89,"type":"binary-expr","locations":[{"start":{"line":89,"column":20},"end":{"line":89,"column":25},"skip":true},{"start":{"line":89,"column":29},"end":{"line":89,"column":48},"skip":true},{"start":{"line":89,"column":52},"end":{"line":89,"column":74},"skip":true}]},"12":{"line":92,"type":"if","locations":[{"start":{"line":92,"column":16},"end":{"line":92,"column":16},"skip":true},{"start":{"line":92,"column":16},"end":{"line":92,"column":16},"skip":true}]},"13":{"line":108,"type":"if","locations":[{"start":{"line":108,"column":12},"end":{"line":108,"column":12},"skip":true},{"start":{"line":108,"column":12},"end":{"line":108,"column":12},"skip":true}]},"14":{"line":108,"type":"binary-expr","locations":[{"start":{"line":108,"column":16},"end":{"line":108,"column":61},"skip":true},{"start":{"line":108,"column":66},"end":{"line":108,"column":72},"skip":true},{"start":{"line":108,"column":77},"end":{"line":108,"column":82},"skip":true},{"start":{"line":109,"column":20},"end":{"line":109,"column":39},"skip":true},{"start":{"line":110,"column":20},"end":{"line":110,"column":49},"skip":true},{"start":{"line":111,"column":20},"end":{"line":111,"column":58},"skip":true},{"start":{"line":112,"column":20},"end":{"line":112,"column":68},"skip":true}]},"15":{"line":129,"type":"if","locations":[{"start":{"line":129,"column":16},"end":{"line":129,"column":16},"skip":true},{"start":{"line":129,"column":16},"end":{"line":129,"column":16},"skip":true}]},"16":{"line":134,"type":"cond-expr","locations":[{"start":{"line":135,"column":26},"end":{"line":135,"column":29},"skip":true},{"start":{"line":136,"column":26},"end":{"line":136,"column":54},"skip":true}]},"17":{"line":164,"type":"binary-expr","locations":[{"start":{"line":164,"column":27},"end":{"line":164,"column":43},"skip":true},{"start":{"line":164,"column":47},"end":{"line":164,"column":49},"skip":true}]},"18":{"line":258,"type":"if","locations":[{"start":{"line":258,"column":8},"end":{"line":258,"column":8},"skip":true},{"start":{"line":258,"column":8},"end":{"line":258,"column":8},"skip":true}]},"19":{"line":275,"type":"switch","locations":[{"start":{"line":276,"column":20},"end":{"line":277,"column":64},"skip":true},{"start":{"line":278,"column":20},"end":{"line":279,"column":40},"skip":true},{"start":{"line":280,"column":20},"end":{"line":281,"column":40},"skip":true},{"start":{"line":282,"column":20},"end":{"line":283,"column":39},"skip":true}]},"20":{"line":288,"type":"if","locations":[{"start":{"line":288,"column":8},"end":{"line":288,"column":8},"skip":true},{"start":{"line":288,"column":8},"end":{"line":288,"column":8},"skip":true}]},"21":{"line":288,"type":"binary-expr","locations":[{"start":{"line":288,"column":12},"end":{"line":288,"column":40},"skip":true},{"start":{"line":288,"column":44},"end":{"line":288,"column":67},"skip":true}]},"22":{"line":292,"type":"binary-expr","locations":[{"start":{"line":292,"column":12},"end":{"line":292,"column":50},"skip":true},{"start":{"line":293,"column":12},"end":{"line":293,"column":53},"skip":true}]},"23":{"line":297,"type":"binary-expr","locations":[{"start":{"line":297,"column":12},"end":{"line":297,"column":75},"skip":true},{"start":{"line":298,"column":12},"end":{"line":301,"column":36},"skip":true}]},"24":{"line":303,"type":"binary-expr","locations":[{"start":{"line":303,"column":43},"end":{"line":303,"column":75},"skip":true},{"start":{"line":303,"column":79},"end":{"line":303,"column":81},"skip":true}]},"25":{"line":306,"type":"if","locations":[{"start":{"line":306,"column":8},"end":{"line":306,"column":8},"skip":true},{"start":{"line":306,"column":8},"end":{"line":306,"column":8},"skip":true}]},"26":{"line":310,"type":"if","locations":[{"start":{"line":310,"column":8},"end":{"line":310,"column":8},"skip":true},{"start":{"line":310,"column":8},"end":{"line":310,"column":8},"skip":true}]},"27":{"line":313,"type":"binary-expr","locations":[{"start":{"line":313,"column":27},"end":{"line":313,"column":43},"skip":true},{"start":{"line":313,"column":47},"end":{"line":313,"column":53},"skip":true}]},"28":{"line":317,"type":"if","locations":[{"start":{"line":317,"column":12},"end":{"line":317,"column":12},"skip":true},{"start":{"line":317,"column":12},"end":{"line":317,"column":12},"skip":true}]}},"code":["/*","example.js","","quickstart example","","instruction","    1. save this script as example.js","    2. run the shell command:","        $ npm install npmtest-es6-module-loader && PORT=8081 node example.js","    3. play with the browser-demo on http://127.0.0.1:8081","*/","","","","/* istanbul instrument in package npmtest_es6_module_loader */","/*jslint","    bitwise: true,","    browser: true,","    maxerr: 8,","    maxlen: 96,","    node: true,","    nomen: true,","    regexp: true,","    stupid: true","*/","(function () {","    'use strict';","    var local;","","","","    // run shared js-env code - init-before","    (function () {","        // init local","        local = {};","        // init modeJs","        local.modeJs = (function () {","            try {","                return typeof navigator.userAgent === 'string' &&","                    typeof document.querySelector('body') === 'object' &&","                    typeof XMLHttpRequest.prototype.open === 'function' &&","                    'browser';","            } catch (errorCaughtBrowser) {","                return module.exports &&","                    typeof process.versions.node === 'string' &&","                    typeof require('http').createServer === 'function' &&","                    'node';","            }","        }());","        // init global","        local.global = local.modeJs === 'browser'","            ? window","            : global;","        // init utility2_rollup","        local = local.global.utility2_rollup || (local.modeJs === 'browser'","            ? local.global.utility2_npmtest_es6_module_loader","            : global.utility2_moduleExports);","        // export local","        local.global.local = local;","    }());","    switch (local.modeJs) {","","","","    // init-after","    // run browser js-env code - init-after","    /* istanbul ignore next */","    case 'browser':","        local.testRunBrowser = function (event) {","            if (!event || (event &&","                    event.currentTarget &&","                    event.currentTarget.className &&","                    event.currentTarget.className.includes &&","                    event.currentTarget.className.includes('onreset'))) {","                // reset output","                Array.from(","                    document.querySelectorAll('body > .resettable')","                ).forEach(function (element) {","                    switch (element.tagName) {","                    case 'INPUT':","                    case 'TEXTAREA':","                        element.value = '';","                        break;","                    default:","                        element.textContent = '';","                    }","                });","            }","            switch (event && event.currentTarget && event.currentTarget.id) {","            case 'testRunButton1':","                // show tests","                if (document.querySelector('#testReportDiv1').style.display === 'none') {","                    document.querySelector('#testReportDiv1').style.display = 'block';","                    document.querySelector('#testRunButton1').textContent =","                        'hide internal test';","                    local.modeTest = true;","                    local.testRunDefault(local);","                // hide tests","                } else {","                    document.querySelector('#testReportDiv1').style.display = 'none';","                    document.querySelector('#testRunButton1').textContent = 'run internal test';","                }","                break;","            // custom-case","            default:","                break;","            }","            if (document.querySelector('#inputTextareaEval1') && (!event || (event &&","                    event.currentTarget &&","                    event.currentTarget.className &&","                    event.currentTarget.className.includes &&","                    event.currentTarget.className.includes('oneval')))) {","                // try to eval input-code","                try {","                    /*jslint evil: true*/","                    eval(document.querySelector('#inputTextareaEval1').value);","                } catch (errorCaught) {","                    console.error(errorCaught);","                }","            }","        };","        // log stderr and stdout to #outputTextareaStdout1","        ['error', 'log'].forEach(function (key) {","            console[key + '_original'] = console[key];","            console[key] = function () {","                var element;","                console[key + '_original'].apply(console, arguments);","                element = document.querySelector('#outputTextareaStdout1');","                if (!element) {","                    return;","                }","                // append text to #outputTextareaStdout1","                element.value += Array.from(arguments).map(function (arg) {","                    return typeof arg === 'string'","                        ? arg","                        : JSON.stringify(arg, null, 4);","                }).join(' ') + '\\n';","                // scroll textarea to bottom","                element.scrollTop = element.scrollHeight;","            };","        });","        // init event-handling","        ['change', 'click', 'keyup'].forEach(function (event) {","            Array.from(document.querySelectorAll('.on' + event)).forEach(function (element) {","                element.addEventListener(event, local.testRunBrowser);","            });","        });","        // run tests","        local.testRunBrowser();","        break;","","","","    // run node js-env code - init-after","    /* istanbul ignore next */","    case 'node':","        // export local","        module.exports = local;","        // require modules","        local.fs = require('fs');","        local.http = require('http');","        local.url = require('url');","        // init assets","        local.assetsDict = local.assetsDict || {};","        /* jslint-ignore-begin */","        local.assetsDict['/assets.index.template.html'] = '\\","<!doctype html>\\n\\","<html lang=\"en\">\\n\\","<head>\\n\\","<meta charset=\"UTF-8\">\\n\\","<meta name=\"viewport\" content=\"width=device-width, initial-scale=1\">\\n\\","<title>{{env.npm_package_name}} (v{{env.npm_package_version}})</title>\\n\\","<style>\\n\\","/*csslint\\n\\","    box-sizing: false,\\n\\","    universal-selector: false\\n\\","*/\\n\\","* {\\n\\","    box-sizing: border-box;\\n\\","}\\n\\","body {\\n\\","    background: #dde;\\n\\","    font-family: Arial, Helvetica, sans-serif;\\n\\","    margin: 2rem;\\n\\","}\\n\\","body > * {\\n\\","    margin-bottom: 1rem;\\n\\","}\\n\\",".utility2FooterDiv {\\n\\","    margin-top: 20px;\\n\\","    text-align: center;\\n\\","}\\n\\","</style>\\n\\","<style>\\n\\","/*csslint\\n\\","*/\\n\\","textarea {\\n\\","    font-family: monospace;\\n\\","    height: 10rem;\\n\\","    width: 100%;\\n\\","}\\n\\","textarea[readonly] {\\n\\","    background: #ddd;\\n\\","}\\n\\","</style>\\n\\","</head>\\n\\","<body>\\n\\","<!-- utility2-comment\\n\\","<div id=\"ajaxProgressDiv1\" style=\"background: #d00; height: 2px; left: 0; margin: 0; padding: 0; position: fixed; top: 0; transition: background 0.5s, width 1.5s; width: 25%;\"></div>\\n\\","utility2-comment -->\\n\\","<h1>\\n\\","<!-- utility2-comment\\n\\","    <a\\n\\","        {{#if env.npm_package_homepage}}\\n\\","        href=\"{{env.npm_package_homepage}}\"\\n\\","        {{/if env.npm_package_homepage}}\\n\\","        target=\"_blank\"\\n\\","    >\\n\\","utility2-comment -->\\n\\","        {{env.npm_package_name}} (v{{env.npm_package_version}})\\n\\","<!-- utility2-comment\\n\\","    </a>\\n\\","utility2-comment -->\\n\\","</h1>\\n\\","<h3>{{env.npm_package_description}}</h3>\\n\\","<!-- utility2-comment\\n\\","<h4><a download href=\"assets.app.js\">download standalone app</a></h4>\\n\\","<button class=\"onclick onreset\" id=\"testRunButton1\">run internal test</button><br>\\n\\","<div id=\"testReportDiv1\" style=\"display: none;\"></div>\\n\\","utility2-comment -->\\n\\","\\n\\","\\n\\","\\n\\","<label>stderr and stdout</label>\\n\\","<textarea class=\"resettable\" id=\"outputTextareaStdout1\" readonly></textarea>\\n\\","<!-- utility2-comment\\n\\","{{#if isRollup}}\\n\\","<script src=\"assets.app.js\"></script>\\n\\","{{#unless isRollup}}\\n\\","utility2-comment -->\\n\\","<script src=\"assets.utility2.rollup.js\"></script>\\n\\","<script src=\"jsonp.utility2._stateInit?callback=window.utility2._stateInit\"></script>\\n\\","<script src=\"assets.npmtest_es6_module_loader.rollup.js\"></script>\\n\\","<script src=\"assets.example.js\"></script>\\n\\","<script src=\"assets.test.js\"></script>\\n\\","<!-- utility2-comment\\n\\","{{/if isRollup}}\\n\\","utility2-comment -->\\n\\","<div class=\"utility2FooterDiv\">\\n\\","    [ this app was created with\\n\\","    <a href=\"https://github.com/kaizhu256/node-utility2\" target=\"_blank\">utility2</a>\\n\\","    ]\\n\\","</div>\\n\\","</body>\\n\\","</html>\\n\\","';","        /* jslint-ignore-end */","        if (local.templateRender) {","            local.assetsDict['/'] = local.templateRender(","                local.assetsDict['/assets.index.template.html'],","                {","                    env: local.objectSetDefault(local.env, {","                        npm_package_description: 'the greatest app in the world!',","                        npm_package_name: 'my-app',","                        npm_package_nameAlias: 'my_app',","                        npm_package_version: '0.0.1'","                    })","                }","            );","        } else {","            local.assetsDict['/'] = local.assetsDict['/assets.index.template.html']","                .replace((/\\{\\{env\\.(\\w+?)\\}\\}/g), function (match0, match1) {","                    // jslint-hack","                    String(match0);","                    switch (match1) {","                    case 'npm_package_description':","                        return 'the greatest app in the world!';","                    case 'npm_package_name':","                        return 'my-app';","                    case 'npm_package_nameAlias':","                        return 'my_app';","                    case 'npm_package_version':","                        return '0.0.1';","                    }","                });","        }","        // run the cli","        if (local.global.utility2_rollup || module !== require.main) {","            break;","        }","        local.assetsDict['/assets.example.js'] =","            local.assetsDict['/assets.example.js'] ||","            local.fs.readFileSync(__filename, 'utf8');","        // bug-workaround - long $npm_package_buildCustomOrg","        /* jslint-ignore-begin */","        local.assetsDict['/assets.npmtest_es6_module_loader.rollup.js'] =","            local.assetsDict['/assets.npmtest_es6_module_loader.rollup.js'] ||","            local.fs.readFileSync(","                local.npmtest_es6_module_loader.__dirname + '/lib.npmtest_es6_module_loader.js',","                'utf8'","            ).replace((/^#!/), '//');","        /* jslint-ignore-end */","        local.assetsDict['/favicon.ico'] = local.assetsDict['/favicon.ico'] || '';","        // if $npm_config_timeout_exit exists,","        // then exit this process after $npm_config_timeout_exit ms","        if (Number(process.env.npm_config_timeout_exit)) {","            setTimeout(process.exit, Number(process.env.npm_config_timeout_exit));","        }","        // start server","        if (local.global.utility2_serverHttp1) {","            break;","        }","        process.env.PORT = process.env.PORT || '8081';","        console.error('server starting on port ' + process.env.PORT);","        local.http.createServer(function (request, response) {","            request.urlParsed = local.url.parse(request.url);","            if (local.assetsDict[request.urlParsed.pathname] !== undefined) {","                response.end(local.assetsDict[request.urlParsed.pathname]);","                return;","            }","            response.statusCode = 404;","            response.end();","        }).listen(process.env.PORT);","        break;","    }","}());",""],"l":{"26":2,"28":2,"33":2,"35":2,"37":2,"38":2,"39":2,"44":1,"51":2,"55":2,"59":2,"61":2,"69":1,"70":2,"76":2,"79":2,"82":2,"83":2,"85":1,"89":2,"92":1,"93":1,"94":1,"96":1,"97":1,"100":1,"101":1,"103":1,"106":1,"108":2,"114":1,"116":1,"118":1,"123":1,"124":2,"125":2,"126":3,"127":3,"128":3,"129":3,"130":1,"133":3,"134":3,"139":3,"143":1,"144":3,"145":1,"149":1,"150":1,"158":1,"160":1,"161":1,"162":1,"164":1,"166":1,"258":1,"259":1,"271":1,"274":6,"275":6,"277":1,"279":2,"281":1,"283":2,"288":1,"289":1,"291":1,"296":1,"303":1,"306":1,"307":1,"310":1,"311":1,"313":1,"314":1,"315":1,"316":1,"317":1,"318":1,"319":1,"321":1,"322":1,"324":1}},"/home/travis/build/npmtest/node-npmtest-es6-module-loader/node_modules/es6-module-loader/index.js":{"path":"/home/travis/build/npmtest/node-npmtest-es6-module-loader/node_modules/es6-module-loader/index.js","s":{"1":1,"2":0,"3":1,"4":1,"5":1,"6":1,"7":1,"8":1,"9":1,"10":1,"11":1,"12":1,"13":1},"b":{"1":[0,1],"2":[0,1],"3":[1,1]},"f":{},"fnMap":{},"statementMap":{"1":{"start":{"line":1,"column":0},"end":{"line":2,"column":35}},"2":{"start":{"line":2,"column":2},"end":{"line":2,"column":35}},"3":{"start":{"line":4,"column":0},"end":{"line":4,"column":57}},"4":{"start":{"line":6,"column":0},"end":{"line":6,"column":78}},"5":{"start":{"line":8,"column":0},"end":{"line":11,"column":11}},"6":{"start":{"line":9,"column":2},"end":{"line":9,"column":80}},"7":{"start":{"line":12,"column":0},"end":{"line":15,"column":11}},"8":{"start":{"line":13,"column":2},"end":{"line":13,"column":77}},"9":{"start":{"line":16,"column":0},"end":{"line":19,"column":11}},"10":{"start":{"line":17,"column":2},"end":{"line":17,"column":94}},"11":{"start":{"line":20,"column":0},"end":{"line":23,"column":12}},"12":{"start":{"line":21,"column":2},"end":{"line":21,"column":89}},"13":{"start":{"line":25,"column":0},"end":{"line":28,"column":2}}},"branchMap":{"1":{"line":1,"type":"if","locations":[{"start":{"line":1,"column":0},"end":{"line":1,"column":0}},{"start":{"line":1,"column":0},"end":{"line":1,"column":0}}]},"2":{"line":6,"type":"cond-expr","locations":[{"start":{"line":6,"column":61},"end":{"line":6,"column":64}},{"start":{"line":6,"column":67},"end":{"line":6,"column":69}}]},"3":{"line":17,"type":"binary-expr","locations":[{"start":{"line":17,"column":23},"end":{"line":17,"column":41}},{"start":{"line":17,"column":45},"end":{"line":17,"column":93}}]}},"code":["if (typeof Promise === 'undefined')","  require('when/es6-shim/Promise');","","var System = require('./dist/es6-module-loader-dev.src');","","var filePrefix = 'file:' + (process.platform.match(/^win/) ? '/' : '') + '//';","","try {","  System.paths.traceur = filePrefix + require.resolve('traceur/bin/traceur.js');","}","catch(e) {}","try {","  System.paths.babel = filePrefix + require.resolve('babel-core/browser.js');","}","catch(e) {}","try {","  System.paths.babel = System.paths.babel || filePrefix + require.resolve('babel/browser.js');","}","catch(e) {}","try {","  System.paths.typescript = filePrefix + require.resolve('typescript/bin/typescript.js');","}","catch(e) { }","","module.exports = {","  Loader: global.LoaderPolyfill,","  System: System","};",""],"l":{"1":1,"2":0,"4":1,"6":1,"8":1,"9":1,"12":1,"13":1,"16":1,"17":1,"20":1,"21":1,"25":1}},"/home/travis/build/npmtest/node-npmtest-es6-module-loader/node_modules/es6-module-loader/dist/es6-module-loader-dev.src.js":{"path":"/home/travis/build/npmtest/node-npmtest-es6-module-loader/node_modules/es6-module-loader/dist/es6-module-loader-dev.src.js","s":{"1":1,"2":1,"3":0,"4":0,"5":0,"6":0,"7":0,"8":0,"9":0,"10":0,"11":0,"12":0,"13":0,"14":0,"15":0,"16":0,"17":0,"18":0,"19":0,"20":0,"21":0,"22":0,"23":0,"24":0,"25":0,"26":0,"27":0,"28":0,"29":0,"30":0,"31":0,"32":0,"33":0,"34":0,"35":0,"36":0,"37":0,"38":0,"39":0,"40":0,"41":0,"42":0,"43":0,"44":0,"45":0,"46":0,"47":0,"48":0,"49":0,"50":0,"51":1,"52":1,"53":1,"54":1,"55":1,"56":1,"57":0,"58":1,"59":0,"60":0,"61":0,"62":0,"63":1,"64":1,"65":1,"66":1,"67":1,"68":0,"69":0,"70":0,"71":1,"72":0,"73":0,"74":0,"75":0,"76":0,"77":1,"78":0,"79":0,"80":0,"81":1,"82":1,"83":0,"84":0,"85":0,"86":0,"87":0,"88":0,"89":1,"90":1,"91":1,"92":0,"93":0,"94":0,"95":0,"96":1,"97":1,"98":1,"99":0,"100":1,"101":1,"102":1,"103":0,"104":1,"105":1,"106":0,"107":1,"108":0,"109":1,"110":0,"111":1,"112":0,"113":0,"114":0,"115":0,"116":0,"117":0,"118":0,"119":0,"120":0,"121":0,"122":0,"123":0,"124":0,"125":0,"126":0,"127":0,"128":0,"129":0,"130":1,"131":0,"132":0,"133":1,"134":0,"135":0,"136":0,"137":0,"138":0,"139":1,"140":1,"141":0,"142":0,"143":0,"144":0,"145":0,"146":0,"147":0,"148":0,"149":0,"150":0,"151":0,"152":0,"153":0,"154":0,"155":0,"156":0,"157":0,"158":0,"159":0,"160":0,"161":0,"162":0,"163":0,"164":0,"165":0,"166":0,"167":0,"168":0,"169":0,"170":0,"171":0,"172":0,"173":0,"174":0,"175":0,"176":0,"177":0,"178":0,"179":0,"180":0,"181":0,"182":0,"183":0,"184":0,"185":0,"186":0,"187":0,"188":0,"189":1,"190":0,"191":0,"192":0,"193":0,"194":0,"195":0,"196":0,"197":0,"198":0,"199":0,"200":0,"201":0,"202":0,"203":0,"204":0,"205":0,"206":0,"207":0,"208":0,"209":0,"210":0,"211":0,"212":0,"213":0,"214":0,"215":0,"216":0,"217":0,"218":1,"219":0,"220":0,"221":0,"222":0,"223":0,"224":0,"225":1,"226":0,"227":0,"228":0,"229":0,"230":0,"231":0,"232":0,"233":0,"234":0,"235":0,"236":0,"237":0,"238":0,"239":0,"240":0,"241":0,"242":0,"243":0,"244":0,"245":0,"246":0,"247":0,"248":1,"249":0,"250":0,"251":0,"252":0,"253":0,"254":0,"255":0,"256":0,"257":1,"258":0,"259":0,"260":0,"261":0,"262":0,"263":0,"264":0,"265":0,"266":0,"267":0,"268":0,"269":0,"270":0,"271":0,"272":0,"273":0,"274":0,"275":0,"276":1,"277":0,"278":0,"279":0,"280":0,"281":0,"282":0,"283":0,"284":0,"285":0,"286":0,"287":0,"288":0,"289":0,"290":0,"291":0,"292":0,"293":0,"294":0,"295":0,"296":0,"297":0,"298":0,"299":0,"300":0,"301":0,"302":0,"303":0,"304":0,"305":0,"306":1,"307":0,"308":0,"309":0,"310":0,"311":0,"312":0,"313":0,"314":0,"315":0,"316":0,"317":0,"318":0,"319":0,"320":0,"321":0,"322":0,"323":0,"324":0,"325":0,"326":1,"327":0,"328":0,"329":0,"330":0,"331":0,"332":0,"333":0,"334":1,"335":0,"336":0,"337":0,"338":0,"339":0,"340":0,"341":1,"342":0,"343":0,"344":0,"345":0,"346":0,"347":0,"348":0,"349":0,"350":0,"351":0,"352":0,"353":0,"354":0,"355":0,"356":0,"357":0,"358":0,"359":0,"360":0,"361":0,"362":0,"363":0,"364":0,"365":0,"366":0,"367":0,"368":0,"369":0,"370":0,"371":0,"372":0,"373":0,"374":0,"375":0,"376":0,"377":0,"378":0,"379":0,"380":0,"381":0,"382":0,"383":0,"384":0,"385":0,"386":0,"387":0,"388":0,"389":0,"390":0,"391":0,"392":0,"393":0,"394":0,"395":0,"396":0,"397":0,"398":0,"399":0,"400":0,"401":1,"402":1,"403":0,"404":0,"405":0,"406":0,"407":0,"408":0,"409":0,"410":0,"411":0,"412":0,"413":0,"414":0,"415":0,"416":0,"417":0,"418":0,"419":0,"420":1,"421":0,"422":0,"423":0,"424":0,"425":0,"426":0,"427":0,"428":0,"429":0,"430":0,"431":0,"432":0,"433":0,"434":0,"435":0,"436":0,"437":0,"438":0,"439":0,"440":0,"441":0,"442":1,"443":0,"444":0,"445":1,"446":0,"447":0,"448":0,"449":0,"450":0,"451":0,"452":0,"453":0,"454":0,"455":0,"456":0,"457":0,"458":0,"459":0,"460":0,"461":0,"462":0,"463":0,"464":0,"465":0,"466":0,"467":0,"468":0,"469":0,"470":0,"471":0,"472":0,"473":0,"474":0,"475":0,"476":0,"477":0,"478":0,"479":0,"480":0,"481":0,"482":0,"483":0,"484":1,"485":0,"486":0,"487":0,"488":1,"489":0,"490":0,"491":0,"492":1,"493":0,"494":0,"495":0,"496":1,"497":0,"498":0,"499":0,"500":0,"501":0,"502":0,"503":0,"504":0,"505":0,"506":0,"507":0,"508":0,"509":0,"510":0,"511":0,"512":0,"513":0,"514":0,"515":0,"516":0,"517":0,"518":0,"519":0,"520":0,"521":0,"522":0,"523":1,"524":1,"525":1,"526":0,"527":0,"528":0,"529":0,"530":0,"531":0,"532":0,"533":0,"534":0,"535":0,"536":0,"537":1,"538":0,"539":0,"540":0,"541":0,"542":0,"543":0,"544":0,"545":0,"546":0,"547":0,"548":1,"549":0,"550":0,"551":0,"552":0,"553":0,"554":1,"555":0,"556":0,"557":0,"558":0,"559":0,"560":0,"561":0,"562":0,"563":0,"564":1,"565":0,"566":0,"567":0,"568":0,"569":0,"570":0,"571":0,"572":0,"573":1,"574":1,"575":1,"576":1,"577":1,"578":1,"579":0,"580":0,"581":0,"582":0,"583":0,"584":0,"585":0,"586":0,"587":0,"588":0,"589":0,"590":0,"591":0,"592":0,"593":0,"594":0,"595":0,"596":0,"597":0,"598":1,"599":1,"600":1,"601":1,"602":1,"603":0,"604":0,"605":0,"606":0,"607":1,"608":0,"609":1,"610":0,"611":0,"612":0,"613":0,"614":0,"615":0,"616":0,"617":0,"618":0,"619":0,"620":1,"621":1,"622":0,"623":0,"624":0,"625":0,"626":0,"627":0,"628":0,"629":0,"630":0,"631":0,"632":0,"633":0,"634":0,"635":0,"636":0,"637":0,"638":0,"639":0,"640":1,"641":0,"642":1,"643":0,"644":0,"645":0,"646":0,"647":0,"648":0,"649":0,"650":0,"651":0,"652":0,"653":0,"654":0,"655":0,"656":0,"657":0,"658":0,"659":0,"660":0,"661":0,"662":0,"663":0,"664":0,"665":1,"666":1,"667":1,"668":0,"669":0,"670":0,"671":0,"672":0,"673":0,"674":0,"675":0,"676":0,"677":0,"678":0,"679":0,"680":0,"681":0,"682":0,"683":0,"684":0,"685":0,"686":0,"687":0,"688":0,"689":0,"690":0,"691":0,"692":0,"693":1,"694":0,"695":0,"696":1,"697":1,"698":0,"699":0,"700":1,"701":0,"702":0,"703":0,"704":1,"705":0,"706":0,"707":0,"708":0,"709":0,"710":0,"711":0,"712":0,"713":0,"714":0,"715":0,"716":0,"717":0,"718":1,"719":1,"720":1,"721":1,"722":1,"723":1,"724":1,"725":1,"726":1,"727":1,"728":1,"729":1},"b":{"1":[0,0],"2":[0,0],"3":[0,0],"4":[0,0],"5":[0,0],"6":[0,0],"7":[0,0],"8":[0,0],"9":[0,0],"10":[0,0],"11":[0,0],"12":[0,0],"13":[0,0],"14":[0,0,0],"15":[0,0],"16":[0,0,0],"17":[0,0],"18":[0,0],"19":[0,0],"20":[0,0],"21":[0,0,0],"22":[0,0],"23":[0,0],"24":[0,0],"25":[0,0],"26":[0,0],"27":[0,0],"28":[0,0],"29":[0,0],"30":[0,0],"31":[0,0,0],"32":[0,0],"33":[0,0],"34":[0,1],"35":[1,1,0],"36":[1,0],"37":[1,1,1],"38":[0,1],"39":[1,0],"40":[0,0],"41":[1,0],"42":[0,0],"43":[0,0],"44":[0,1],"45":[1,0],"46":[0,0],"47":[0,0,0],"48":[1,0],"49":[1,1],"50":[0,1],"51":[0,1],"52":[0,0],"53":[1,0],"54":[0,0],"55":[0,0,0],"56":[0,0],"57":[0,0],"58":[0,0],"59":[0,0],"60":[0,0],"61":[0,0],"62":[0,0],"63":[0,0],"64":[0,0],"65":[0,0],"66":[0,0],"67":[0,0],"68":[0,0],"69":[0,0],"70":[0,0],"71":[0,0],"72":[0,0],"73":[0,0],"74":[0,0],"75":[0,0],"76":[0,0],"77":[0,0],"78":[0,0],"79":[0,0],"80":[0,0],"81":[0,0],"82":[0,0],"83":[0,0],"84":[0,0],"85":[0,0],"86":[0,0],"87":[0,0],"88":[0,0],"89":[0,0],"90":[0,0],"91":[0,0],"92":[0,0],"93":[0,0],"94":[0,0],"95":[0,0],"96":[0,0],"97":[0,0],"98":[0,0],"99":[0,0],"100":[0,0],"101":[0,0],"102":[0,0],"103":[0,0],"104":[0,0,0],"105":[0,0],"106":[0,0],"107":[0,0],"108":[0,0],"109":[0,0],"110":[0,0],"111":[0,0],"112":[0,0],"113":[0,0],"114":[0,0],"115":[0,0],"116":[0,0],"117":[0,0],"118":[0,0],"119":[0,0],"120":[0,0],"121":[0,0],"122":[0,0],"123":[0,0],"124":[0,0],"125":[0,0],"126":[0,0],"127":[0,0],"128":[0,0],"129":[0,0],"130":[0,0],"131":[0,0],"132":[0,0],"133":[0,0],"134":[0,0],"135":[0,0],"136":[0,0],"137":[0,0],"138":[0,0],"139":[0,0],"140":[0,0],"141":[0,0],"142":[0,0],"143":[0,0],"144":[0,0],"145":[0,0],"146":[0,0],"147":[0,0],"148":[0,0],"149":[0,0],"150":[0,0],"151":[0,0],"152":[0,0],"153":[0,0],"154":[0,0],"155":[0,0],"156":[0,0],"157":[0,0],"158":[0,0],"159":[0,0],"160":[0,0],"161":[0,0],"162":[0,0],"163":[0,0],"164":[0,0],"165":[0,0],"166":[0,0],"167":[0,0],"168":[0,0],"169":[0,0,0,0],"170":[0,0],"171":[0,0],"172":[0,0,0],"173":[0,0],"174":[0,0],"175":[0,0],"176":[0,0],"177":[0,0],"178":[0,0],"179":[0,1],"180":[0,0],"181":[0,0],"182":[0,0],"183":[0,0],"184":[0,0],"185":[0,0],"186":[0,0],"187":[0,0],"188":[0,0],"189":[0,0],"190":[0,0],"191":[0,0],"192":[0,0],"193":[0,0],"194":[0,0],"195":[1,0],"196":[1,1],"197":[0,0],"198":[0,0],"199":[0,0],"200":[0,0],"201":[0,0],"202":[0,0],"203":[0,0],"204":[0,0],"205":[0,0],"206":[0,0],"207":[0,1],"208":[1,0],"209":[0,0],"210":[0,0],"211":[0,0],"212":[1,0],"213":[1,0],"214":[1,1],"215":[1,1],"216":[1,0],"217":[1,0],"218":[0,1]},"f":{"1":1,"2":0,"3":0,"4":1,"5":0,"6":0,"7":1,"8":0,"9":0,"10":0,"11":0,"12":0,"13":1,"14":0,"15":1,"16":0,"17":0,"18":0,"19":0,"20":0,"21":0,"22":0,"23":0,"24":0,"25":0,"26":0,"27":0,"28":0,"29":0,"30":0,"31":0,"32":0,"33":0,"34":0,"35":0,"36":0,"37":0,"38":0,"39":0,"40":0,"41":0,"42":0,"43":0,"44":0,"45":0,"46":0,"47":0,"48":0,"49":0,"50":0,"51":0,"52":0,"53":0,"54":0,"55":0,"56":0,"57":0,"58":0,"59":0,"60":0,"61":0,"62":0,"63":0,"64":0,"65":0,"66":0,"67":0,"68":0,"69":0,"70":0,"71":0,"72":0,"73":0,"74":0,"75":0,"76":0,"77":0,"78":0,"79":0,"80":0,"81":0,"82":0,"83":0,"84":1,"85":0,"86":0,"87":0,"88":0,"89":0,"90":0,"91":1,"92":0,"93":1,"94":0,"95":0,"96":0,"97":0,"98":0,"99":0,"100":0,"101":0,"102":0,"103":0,"104":0,"105":0,"106":0,"107":0,"108":0,"109":0,"110":0,"111":1,"112":0,"113":0,"114":0,"115":0},"fnMap":{"1":{"name":"(anonymous_1)","line":2,"loc":{"start":{"line":2,"column":1},"end":{"line":2,"column":18}}},"2":{"name":"URLPolyfill","line":3,"loc":{"start":{"line":3,"column":0},"end":{"line":3,"column":35}}},"3":{"name":"(anonymous_3)","line":30,"loc":{"start":{"line":30,"column":29},"end":{"line":30,"column":42}}},"4":{"name":"(anonymous_4)","line":66,"loc":{"start":{"line":66,"column":1},"end":{"line":66,"column":20}}},"5":{"name":"(anonymous_5)","line":73,"loc":{"start":{"line":73,"column":33},"end":{"line":73,"column":44}}},"6":{"name":"(anonymous_6)","line":76,"loc":{"start":{"line":76,"column":43},"end":{"line":76,"column":58}}},"7":{"name":"(anonymous_7)","line":86,"loc":{"start":{"line":86,"column":3},"end":{"line":86,"column":15}}},"8":{"name":"(anonymous_8)","line":92,"loc":{"start":{"line":92,"column":23},"end":{"line":92,"column":48}}},"9":{"name":"addToError","line":101,"loc":{"start":{"line":101,"column":2},"end":{"line":101,"column":32}}},"10":{"name":"__eval","line":112,"loc":{"start":{"line":112,"column":2},"end":{"line":112,"column":46}}},"11":{"name":"Module","line":169,"loc":{"start":{"line":169,"column":0},"end":{"line":169,"column":18}}},"12":{"name":"(anonymous_12)","line":172,"loc":{"start":{"line":172,"column":9},"end":{"line":172,"column":20}}},"13":{"name":"Loader","line":176,"loc":{"start":{"line":176,"column":0},"end":{"line":176,"column":25}}},"14":{"name":"(anonymous_14)","line":187,"loc":{"start":{"line":187,"column":9},"end":{"line":187,"column":20}}},"15":{"name":"(anonymous_15)","line":195,"loc":{"start":{"line":195,"column":1},"end":{"line":195,"column":12}}},"16":{"name":"createLoaderLoad","line":283,"loc":{"start":{"line":283,"column":2},"end":{"line":283,"column":36}}},"17":{"name":"createLoad","line":295,"loc":{"start":{"line":295,"column":2},"end":{"line":295,"column":28}}},"18":{"name":"loadModule","line":310,"loc":{"start":{"line":310,"column":2},"end":{"line":310,"column":45}}},"19":{"name":"requestLoad","line":323,"loc":{"start":{"line":323,"column":2},"end":{"line":323,"column":69}}},"20":{"name":"(anonymous_20)","line":325,"loc":{"start":{"line":325,"column":23},"end":{"line":325,"column":49}}},"21":{"name":"(anonymous_21)","line":329,"loc":{"start":{"line":329,"column":10},"end":{"line":329,"column":25}}},"22":{"name":"proceedToLocate","line":357,"loc":{"start":{"line":357,"column":2},"end":{"line":357,"column":41}}},"23":{"name":"(anonymous_23)","line":361,"loc":{"start":{"line":361,"column":12},"end":{"line":361,"column":23}}},"24":{"name":"proceedToFetch","line":368,"loc":{"start":{"line":368,"column":2},"end":{"line":368,"column":43}}},"25":{"name":"(anonymous_25)","line":372,"loc":{"start":{"line":372,"column":12},"end":{"line":372,"column":30}}},"26":{"name":"proceedToTranslate","line":386,"loc":{"start":{"line":386,"column":2},"end":{"line":386,"column":47}}},"27":{"name":"(anonymous_27)","line":389,"loc":{"start":{"line":389,"column":10},"end":{"line":389,"column":27}}},"28":{"name":"(anonymous_28)","line":396,"loc":{"start":{"line":396,"column":12},"end":{"line":396,"column":29}}},"29":{"name":"(anonymous_29)","line":402,"loc":{"start":{"line":402,"column":12},"end":{"line":402,"column":40}}},"30":{"name":"(anonymous_30)","line":409,"loc":{"start":{"line":409,"column":16},"end":{"line":409,"column":37}}},"31":{"name":"(anonymous_31)","line":413,"loc":{"start":{"line":413,"column":33},"end":{"line":413,"column":63}}},"32":{"name":"(anonymous_32)","line":437,"loc":{"start":{"line":437,"column":12},"end":{"line":437,"column":23}}},"33":{"name":"(anonymous_33)","line":442,"loc":{"start":{"line":442,"column":58},"end":{"line":442,"column":83}}},"34":{"name":"(anonymous_34)","line":447,"loc":{"start":{"line":447,"column":18},"end":{"line":447,"column":36}}},"35":{"name":"(anonymous_35)","line":472,"loc":{"start":{"line":472,"column":12},"end":{"line":472,"column":23}}},"36":{"name":"(anonymous_36)","line":486,"loc":{"start":{"line":486,"column":14},"end":{"line":486,"column":28}}},"37":{"name":"asyncStartLoadPartwayThrough","line":502,"loc":{"start":{"line":502,"column":2},"end":{"line":502,"column":51}}},"38":{"name":"(anonymous_38)","line":503,"loc":{"start":{"line":503,"column":11},"end":{"line":503,"column":37}}},"39":{"name":"(anonymous_39)","line":525,"loc":{"start":{"line":525,"column":54},"end":{"line":525,"column":65}}},"40":{"name":"createLinkSet","line":561,"loc":{"start":{"line":561,"column":2},"end":{"line":561,"column":47}}},"41":{"name":"(anonymous_41)","line":568,"loc":{"start":{"line":568,"column":31},"end":{"line":568,"column":57}}},"42":{"name":"addLoadToLinkSet","line":576,"loc":{"start":{"line":576,"column":2},"end":{"line":576,"column":43}}},"43":{"name":"doLink","line":619,"loc":{"start":{"line":619,"column":2},"end":{"line":619,"column":27}}},"44":{"name":"(anonymous_44)","line":622,"loc":{"start":{"line":622,"column":20},"end":{"line":622,"column":40}}},"45":{"name":"updateLinkSetOnLoad","line":635,"loc":{"start":{"line":635,"column":2},"end":{"line":635,"column":46}}},"46":{"name":"linkSetFailed","line":681,"loc":{"start":{"line":681,"column":2},"end":{"line":681,"column":45}}},"47":{"name":"finishLoad","line":731,"loc":{"start":{"line":731,"column":2},"end":{"line":731,"column":36}}},"48":{"name":"(anonymous_48)","line":737,"loc":{"start":{"line":737,"column":32},"end":{"line":737,"column":46}}},"49":{"name":"(anonymous_49)","line":742,"loc":{"start":{"line":742,"column":36},"end":{"line":742,"column":49}}},"50":{"name":"doDynamicExecute","line":766,"loc":{"start":{"line":766,"column":2},"end":{"line":766,"column":54}}},"51":{"name":"createImportPromise","line":786,"loc":{"start":{"line":786,"column":2},"end":{"line":786,"column":54}}},"52":{"name":"(anonymous_52)","line":788,"loc":{"start":{"line":788,"column":47},"end":{"line":788,"column":59}}},"53":{"name":"(anonymous_53)","line":791,"loc":{"start":{"line":791,"column":7},"end":{"line":791,"column":19}}},"54":{"name":"(anonymous_54)","line":801,"loc":{"start":{"line":801,"column":12},"end":{"line":801,"column":44}}},"55":{"name":"(anonymous_55)","line":815,"loc":{"start":{"line":815,"column":14},"end":{"line":815,"column":29}}},"56":{"name":"(anonymous_56)","line":823,"loc":{"start":{"line":823,"column":9},"end":{"line":823,"column":23}}},"57":{"name":"(anonymous_57)","line":830,"loc":{"start":{"line":830,"column":9},"end":{"line":830,"column":24}}},"58":{"name":"(anonymous_58)","line":834,"loc":{"start":{"line":834,"column":14},"end":{"line":834,"column":56}}},"59":{"name":"(anonymous_59)","line":843,"loc":{"start":{"line":843,"column":12},"end":{"line":843,"column":27}}},"60":{"name":"(anonymous_60)","line":853,"loc":{"start":{"line":853,"column":16},"end":{"line":853,"column":31}}},"61":{"name":"(anonymous_61)","line":861,"loc":{"start":{"line":861,"column":10},"end":{"line":861,"column":25}}},"62":{"name":"(anonymous_62)","line":873,"loc":{"start":{"line":873,"column":12},"end":{"line":873,"column":23}}},"63":{"name":"(anonymous_63)","line":878,"loc":{"start":{"line":878,"column":12},"end":{"line":878,"column":38}}},"64":{"name":"(anonymous_64)","line":884,"loc":{"start":{"line":884,"column":32},"end":{"line":884,"column":43}}},"65":{"name":"(anonymous_65)","line":891,"loc":{"start":{"line":891,"column":15},"end":{"line":891,"column":30}}},"66":{"name":"(anonymous_66)","line":904,"loc":{"start":{"line":904,"column":47},"end":{"line":904,"column":61}}},"67":{"name":"(anonymous_67)","line":908,"loc":{"start":{"line":908,"column":15},"end":{"line":908,"column":27}}},"68":{"name":"(anonymous_68)","line":911,"loc":{"start":{"line":911,"column":15},"end":{"line":911,"column":26}}},"69":{"name":"(anonymous_69)","line":923,"loc":{"start":{"line":923,"column":9},"end":{"line":923,"column":32}}},"70":{"name":"(anonymous_70)","line":935,"loc":{"start":{"line":935,"column":15},"end":{"line":935,"column":61}}},"71":{"name":"(anonymous_71)","line":939,"loc":{"start":{"line":939,"column":12},"end":{"line":939,"column":27}}},"72":{"name":"(anonymous_72)","line":943,"loc":{"start":{"line":943,"column":11},"end":{"line":943,"column":26}}},"73":{"name":"(anonymous_73)","line":946,"loc":{"start":{"line":946,"column":15},"end":{"line":946,"column":30}}},"74":{"name":"(anonymous_74)","line":950,"loc":{"start":{"line":950,"column":17},"end":{"line":950,"column":32}}},"75":{"name":"buildLinkageGroups","line":967,"loc":{"start":{"line":967,"column":2},"end":{"line":967,"column":51}}},"76":{"name":"link","line":1014,"loc":{"start":{"line":1014,"column":2},"end":{"line":1014,"column":36}}},"77":{"name":"getOrCreateModuleRecord","line":1069,"loc":{"start":{"line":1069,"column":2},"end":{"line":1069,"column":49}}},"78":{"name":"linkDeclarativeModule","line":1080,"loc":{"start":{"line":1080,"column":2},"end":{"line":1080,"column":54}}},"79":{"name":"(anonymous_79)","line":1087,"loc":{"start":{"line":1087,"column":52},"end":{"line":1087,"column":74}}},"80":{"name":"doExecute","line":1175,"loc":{"start":{"line":1175,"column":2},"end":{"line":1175,"column":29}}},"81":{"name":"evaluateLoadedModule","line":1191,"loc":{"start":{"line":1191,"column":2},"end":{"line":1191,"column":46}}},"82":{"name":"doEnsureEvaluated","line":1200,"loc":{"start":{"line":1200,"column":2},"end":{"line":1200,"column":51}}},"83":{"name":"ensureEvaluated","line":1206,"loc":{"start":{"line":1206,"column":2},"end":{"line":1206,"column":49}}},"84":{"name":"(anonymous_84)","line":1257,"loc":{"start":{"line":1257,"column":17},"end":{"line":1257,"column":28}}},"85":{"name":"transpile","line":1262,"loc":{"start":{"line":1262,"column":2},"end":{"line":1262,"column":27}}},"86":{"name":"(anonymous_86)","line":1267,"loc":{"start":{"line":1267,"column":10},"end":{"line":1267,"column":31}}},"87":{"name":"traceurTranspile","line":1284,"loc":{"start":{"line":1284,"column":2},"end":{"line":1284,"column":43}}},"88":{"name":"doTraceurCompile","line":1298,"loc":{"start":{"line":1298,"column":2},"end":{"line":1298,"column":56}}},"89":{"name":"babelTranspile","line":1312,"loc":{"start":{"line":1312,"column":2},"end":{"line":1312,"column":39}}},"90":{"name":"typescriptTranspile","line":1325,"loc":{"start":{"line":1325,"column":2},"end":{"line":1325,"column":41}}},"91":{"name":"SystemLoader","line":1355,"loc":{"start":{"line":1355,"column":0},"end":{"line":1355,"column":24}}},"92":{"name":"applyPaths","line":1361,"loc":{"start":{"line":1361,"column":0},"end":{"line":1361,"column":33}}},"93":{"name":"LoaderProto","line":1401,"loc":{"start":{"line":1401,"column":0},"end":{"line":1401,"column":23}}},"94":{"name":"(anonymous_94)","line":1408,"loc":{"start":{"line":1408,"column":35},"end":{"line":1408,"column":77}}},"95":{"name":"(anonymous_95)","line":1423,"loc":{"start":{"line":1423,"column":32},"end":{"line":1423,"column":47}}},"96":{"name":"(anonymous_96)","line":1429,"loc":{"start":{"line":1429,"column":37},"end":{"line":1429,"column":52}}},"97":{"name":"(anonymous_97)","line":1432,"loc":{"start":{"line":1432,"column":8},"end":{"line":1432,"column":39}}},"98":{"name":"(anonymous_98)","line":1437,"loc":{"start":{"line":1437,"column":17},"end":{"line":1437,"column":28}}},"99":{"name":"(anonymous_99)","line":1452,"loc":{"start":{"line":1452,"column":23},"end":{"line":1452,"column":69}}},"100":{"name":"(anonymous_100)","line":1470,"loc":{"start":{"line":1470,"column":25},"end":{"line":1470,"column":36}}},"101":{"name":"load","line":1474,"loc":{"start":{"line":1474,"column":6},"end":{"line":1474,"column":22}}},"102":{"name":"error","line":1477,"loc":{"start":{"line":1477,"column":6},"end":{"line":1477,"column":23}}},"103":{"name":"(anonymous_103)","line":1481,"loc":{"start":{"line":1481,"column":31},"end":{"line":1481,"column":43}}},"104":{"name":"(anonymous_104)","line":1516,"loc":{"start":{"line":1516,"column":19},"end":{"line":1516,"column":30}}},"105":{"name":"(anonymous_105)","line":1526,"loc":{"start":{"line":1526,"column":23},"end":{"line":1526,"column":69}}},"106":{"name":"(anonymous_106)","line":1534,"loc":{"start":{"line":1534,"column":30},"end":{"line":1534,"column":50}}},"107":{"name":"(anonymous_107)","line":1550,"loc":{"start":{"line":1550,"column":23},"end":{"line":1550,"column":69}}},"108":{"name":"(anonymous_108)","line":1562,"loc":{"start":{"line":1562,"column":14},"end":{"line":1562,"column":27}}},"109":{"name":"(anonymous_109)","line":1576,"loc":{"start":{"line":1576,"column":33},"end":{"line":1576,"column":48}}},"110":{"name":"(anonymous_110)","line":1577,"loc":{"start":{"line":1577,"column":23},"end":{"line":1577,"column":49}}},"111":{"name":"(anonymous_111)","line":1582,"loc":{"start":{"line":1582,"column":1},"end":{"line":1582,"column":12}}},"112":{"name":"completed","line":1589,"loc":{"start":{"line":1589,"column":4},"end":{"line":1589,"column":25}}},"113":{"name":"ready","line":1595,"loc":{"start":{"line":1595,"column":4},"end":{"line":1595,"column":21}}},"114":{"name":"(anonymous_114)","line":1604,"loc":{"start":{"line":1604,"column":41},"end":{"line":1604,"column":55}}},"115":{"name":"(anonymous_115)","line":1604,"loc":{"start":{"line":1604,"column":68},"end":{"line":1604,"column":79}}}},"statementMap":{"1":{"start":{"line":2,"column":0},"end":{"line":65,"column":47}},"2":{"start":{"line":3,"column":0},"end":{"line":63,"column":1}},"3":{"start":{"line":4,"column":2},"end":{"line":5,"column":48}},"4":{"start":{"line":5,"column":4},"end":{"line":5,"column":48}},"5":{"start":{"line":6,"column":2},"end":{"line":6,"column":170}},"6":{"start":{"line":7,"column":2},"end":{"line":8,"column":47}},"7":{"start":{"line":8,"column":4},"end":{"line":8,"column":47}},"8":{"start":{"line":9,"column":2},"end":{"line":9,"column":28}},"9":{"start":{"line":10,"column":2},"end":{"line":10,"column":28}},"10":{"start":{"line":11,"column":2},"end":{"line":11,"column":28}},"11":{"start":{"line":12,"column":2},"end":{"line":12,"column":24}},"12":{"start":{"line":13,"column":2},"end":{"line":13,"column":28}},"13":{"start":{"line":14,"column":2},"end":{"line":14,"column":24}},"14":{"start":{"line":15,"column":2},"end":{"line":15,"column":28}},"15":{"start":{"line":16,"column":2},"end":{"line":16,"column":26}},"16":{"start":{"line":17,"column":2},"end":{"line":17,"column":24}},"17":{"start":{"line":18,"column":2},"end":{"line":46,"column":3}},"18":{"start":{"line":19,"column":4},"end":{"line":19,"column":83}},"19":{"start":{"line":20,"column":4},"end":{"line":20,"column":47}},"20":{"start":{"line":21,"column":4},"end":{"line":22,"column":27}},"21":{"start":{"line":22,"column":6},"end":{"line":22,"column":27}},"22":{"start":{"line":23,"column":4},"end":{"line":24,"column":180}},"23":{"start":{"line":24,"column":6},"end":{"line":24,"column":180}},"24":{"start":{"line":26,"column":4},"end":{"line":26,"column":20}},"25":{"start":{"line":27,"column":4},"end":{"line":35,"column":9}},"26":{"start":{"line":31,"column":8},"end":{"line":34,"column":25}},"27":{"start":{"line":32,"column":10},"end":{"line":32,"column":23}},"28":{"start":{"line":34,"column":10},"end":{"line":34,"column":25}},"29":{"start":{"line":36,"column":4},"end":{"line":36,"column":78}},"30":{"start":{"line":37,"column":4},"end":{"line":43,"column":5}},"31":{"start":{"line":38,"column":6},"end":{"line":38,"column":23}},"32":{"start":{"line":39,"column":6},"end":{"line":39,"column":31}},"33":{"start":{"line":40,"column":6},"end":{"line":40,"column":23}},"34":{"start":{"line":41,"column":6},"end":{"line":41,"column":31}},"35":{"start":{"line":42,"column":6},"end":{"line":42,"column":31}},"36":{"start":{"line":44,"column":4},"end":{"line":45,"column":31}},"37":{"start":{"line":45,"column":6},"end":{"line":45,"column":31}},"38":{"start":{"line":49,"column":2},"end":{"line":50,"column":44}},"39":{"start":{"line":50,"column":4},"end":{"line":50,"column":44}},"40":{"start":{"line":52,"column":2},"end":{"line":52,"column":91}},"41":{"start":{"line":53,"column":2},"end":{"line":53,"column":197}},"42":{"start":{"line":54,"column":2},"end":{"line":54,"column":27}},"43":{"start":{"line":55,"column":2},"end":{"line":55,"column":27}},"44":{"start":{"line":56,"column":2},"end":{"line":56,"column":27}},"45":{"start":{"line":57,"column":2},"end":{"line":57,"column":19}},"46":{"start":{"line":58,"column":2},"end":{"line":58,"column":27}},"47":{"start":{"line":59,"column":2},"end":{"line":59,"column":19}},"48":{"start":{"line":60,"column":2},"end":{"line":60,"column":27}},"49":{"start":{"line":61,"column":2},"end":{"line":61,"column":23}},"50":{"start":{"line":62,"column":2},"end":{"line":62,"column":19}},"51":{"start":{"line":64,"column":0},"end":{"line":64,"column":33}},"52":{"start":{"line":66,"column":0},"end":{"line":1639,"column":47}},"53":{"start":{"line":68,"column":2},"end":{"line":68,"column":115}},"54":{"start":{"line":69,"column":2},"end":{"line":69,"column":81}},"55":{"start":{"line":70,"column":2},"end":{"line":70,"column":126}},"56":{"start":{"line":72,"column":2},"end":{"line":73,"column":49}},"57":{"start":{"line":73,"column":4},"end":{"line":73,"column":49}},"58":{"start":{"line":76,"column":2},"end":{"line":83,"column":4}},"59":{"start":{"line":77,"column":4},"end":{"line":81,"column":5}},"60":{"start":{"line":78,"column":6},"end":{"line":80,"column":7}},"61":{"start":{"line":79,"column":8},"end":{"line":79,"column":17}},"62":{"start":{"line":82,"column":4},"end":{"line":82,"column":14}},"63":{"start":{"line":85,"column":2},"end":{"line":85,"column":21}},"64":{"start":{"line":86,"column":2},"end":{"line":99,"column":7}},"65":{"start":{"line":87,"column":4},"end":{"line":98,"column":5}},"66":{"start":{"line":88,"column":6},"end":{"line":89,"column":47}},"67":{"start":{"line":89,"column":8},"end":{"line":89,"column":47}},"68":{"start":{"line":92,"column":6},"end":{"line":97,"column":7}},"69":{"start":{"line":93,"column":8},"end":{"line":96,"column":19}},"70":{"star
[...]
ne":12,"column":27},"end":{"line":12,"column":93}},{"start":{"line":13,"column":11},"end":{"line":13,"column":65}}]},"2":{"line":12,"type":"cond-expr","locations":[{"start":{"line":12,"column":70},"end":{"line":12,"column":74}},{"start":{"line":12,"column":77},"end":{"line":12,"column":92}}]},"3":{"line":13,"type":"binary-expr","locations":[{"start":{"line":13,"column":12},"end":{"line":13,"column":29}},{"start":{"line":13,"column":33},"end":{"line":13,"column":37}}]},"4":{"line":15,"type":"if","locations":[{"start":{"line":15,"column":6},"end":{"line":15,"column":6}},{"start":{"line":15,"column":6},"end":{"line":15,"column":6}}]},"5":{"line":19,"type":"if","locations":[{"start":{"line":19,"column":6},"end":{"line":19,"column":6}},{"start":{"line":19,"column":6},"end":{"line":19,"column":6}}]},"6":{"line":21,"type":"if","locations":[{"start":{"line":21,"column":11},"end":{"line":21,"column":11}},{"start":{"line":21,"column":11},"end":{"line":21,"column":11}}]},"7":{"line":32,"type":"binary-expr","locations":[{"start":{"line":32,"column":18},"end":{"line":32,"column":37}},{"start":{"line":32,"column":41},"end":{"line":32,"column":43}}]},"8":{"line":35,"type":"if","locations":[{"start":{"line":35,"column":4},"end":{"line":35,"column":4}},{"start":{"line":35,"column":4},"end":{"line":35,"column":4}}]},"9":{"line":52,"type":"if","locations":[{"start":{"line":52,"column":6},"end":{"line":52,"column":6}},{"start":{"line":52,"column":6},"end":{"line":52,"column":6}}]},"10":{"line":60,"type":"binary-expr","locations":[{"start":{"line":60,"column":18},"end":{"line":60,"column":35}},{"start":{"line":60,"column":39},"end":{"line":60,"column":41}}]},"11":{"line":62,"type":"if","locations":[{"start":{"line":62,"column":4},"end":{"line":62,"column":4}},{"start":{"line":62,"column":4},"end":{"line":62,"column":4}}]},"12":{"line":73,"type":"binary-expr","locations":[{"start":{"line":73,"column":18},"end":{"line":73,"column":40}},{"start":{"line":73,"column":44},"end":{"line":73,"column":46}}]},"13":{"line":74,"type":"binary-expr","locations":[{"start":{"line":74,"column":21},"end":{"line":74,"column":35}},{"start":{"line":74,"column":39},"end":{"line":74,"column":58}}]},"14":{"line":75,"type":"if","locations":[{"start":{"line":75,"column":4},"end":{"line":75,"column":4}},{"start":{"line":75,"column":4},"end":{"line":75,"column":4}}]},"15":{"line":77,"type":"if","locations":[{"start":{"line":77,"column":4},"end":{"line":77,"column":4}},{"start":{"line":77,"column":4},"end":{"line":77,"column":4}}]},"16":{"line":77,"type":"binary-expr","locations":[{"start":{"line":77,"column":8},"end":{"line":77,"column":25}},{"start":{"line":77,"column":29},"end":{"line":77,"column":62}}]}},"code":["/*"," * Traceur, Babel and TypeScript transpile hook for Loader"," */","var transpile = (function() {","","  // use Traceur by default","  Loader.prototype.transpiler = 'traceur';","","  function transpile(load) {","    var self = this;","","    return Promise.resolve(__global[self.transpiler == 'typescript' ? 'ts' : self.transpiler]","        || (self.pluginLoader || self)['import'](self.transpiler))","    .then(function(transpiler) {","      if (transpiler.__useDefault)","        transpiler = transpiler['default'];","","      var transpileFunction;","      if (transpiler.Compiler)","        transpileFunction = traceurTranspile;","      else if (transpiler.createLanguageService)","        transpileFunction = typescriptTranspile;","      else","        transpileFunction = babelTranspile;","","      // note __moduleName will be part of the transformer meta in future when we have the spec for this","      return '(function(__moduleName){' + transpileFunction.call(self, load, transpiler) + '\\n})(\"' + load.name + '\");\\n//# sourceURL=' + load.address + '!transpiled';","    });","  };","","  function traceurTranspile(load, traceur) {","    var options = this.traceurOptions || {};","    options.modules = 'instantiate';","    options.script = false;","    if (options.sourceMaps === undefined)","      options.sourceMaps = 'inline';","    options.filename = load.address;","    options.inputSourceMap = load.metadata.sourceMap;","    options.moduleName = false;","","    var compiler = new traceur.Compiler(options);","","    return doTraceurCompile(load.source, compiler, options.filename);","  }","  function doTraceurCompile(source, compiler, filename) {","    try {","      return compiler.compile(source, filename);","    }","    catch(e) {","      // on older versions of traceur (<0.9.3), an array of errors is thrown","      // rather than a single error.","      if (e.length) {","        throw e[0];","      }","      throw e;","    }","  }","","  function babelTranspile(load, babel) {","    var options = this.babelOptions || {};","    options.modules = 'system';","    if (options.sourceMap === undefined)","      options.sourceMap = 'inline';","    options.inputSourceMap = load.metadata.sourceMap;","    options.filename = load.address;","    options.code = true;","    options.ast = false;","","    return babel.transform(load.source, options).code;","  }","","  function typescriptTranspile(load, ts) {","    var options = this.typescriptOptions || {};","    options.target = options.target || ts.ScriptTarget.ES5;","    if (options.sourceMap === undefined)","      options.sourceMap = true;","    if (options.sourceMap && options.inlineSourceMap !== false)","      options.inlineSourceMap = true;","","    options.module = ts.ModuleKind.System;","","    return ts.transpile(load.source, options, load.address);","  }","","  return transpile;","})();",""],"l":{"4":2,"7":2,"9":1,"10":0,"12":0,"15":0,"16":0,"18":0,"19":0,"20":0,"21":0,"22":0,"24":0,"27":0,"31":1,"32":0,"33":0,"34":0,"35":0,"36":0,"37":0,"38":0,"39":0,"41":0,"43":0,"45":1,"46":0,"47":0,"52":0,"53":0,"55":0,"59":1,"60":0,"61":0,"62":0,"63":0,"64":0,"65":0,"66":0,"67":0,"69":0,"72":1,"73":0,"74":0,"75":0,"76":0,"77":0,"78":0,"80":0,"82":0,"85":0}},"/home/travis/build/npmtest/node-npmtest-es6-module-loader/node_modules/es6-module-loader/src/url-polyfill.js":{"path":"/home/travis/build/npmtest/node-npmtest-es6-module-loader/node_modules/es6-module-loader/src/url-polyfill.js","s":{"1":1,"2":1,"3":0,"4":0,"5":0,"6":0,"7":0,"8":0,"9":0,"10":0,"11":0,"12":0,"13":0,"14":0,"15":0,"16":0,"17":0,"18":0,"19":0,"20":0,"21":0,"22":0,"23":0,"24":0,"25":0,"26":0,"27":0,"28":0,"29":0,"30":0,"31":0,"32":0,"33":0,"34":0,"35":0,"36":0,"37":0,"38":0,"39":0,"40":0,"41":0,"42":0,"43":0,"44":0,"45":0,"46":0,"47":0,"48":0,"49":0,"50":0,"51":1},"b":{"1":[0,0],"2":[0,0],"3":[0,0],"4":[0,0],"5":[0,0],"6":[0,0],"7":[0,0],"8":[0,0],"9":[0,0],"10":[0,0],"11":[0,0],"12":[0,0],"13":[0,0],"14":[0,0,0],"15":[0,0],"16":[0,0,0],"17":[0,0],"18":[0,0],"19":[0,0],"20":[0,0],"21":[0,0,0],"22":[0,0],"23":[0,0],"24":[0,0],"25":[0,0],"26":[0,0],"27":[0,0],"28":[0,0],"29":[0,0],"30":[0,0],"31":[0,0,0],"32":[0,0],"33":[0,0],"34":[0,1]},"f":{"1":1,"2":0,"3":0},"fnMap":{"1":{"name":"(anonymous_1)","line":2,"loc":{"start":{"line":2,"column":1},"end":{"line":2,"column":18}}},"2":{"name":"URLPolyfill","line":3,"loc":{"start":{"line":3,"column":0},"end":{"line":3,"column":35}}},"3":{"name":"(anonymous_3)","line":30,"loc":{"start":{"line":30,"column":29},"end":{"line":30,"column":42}}}},"statementMap":{"1":{"start":{"line":2,"column":0},"end":{"line":65,"column":47}},"2":{"start":{"line":3,"column":0},"end":{"line":63,"column":1}},"3":{"start":{"line":4,"column":2},"end":{"line":5,"column":48}},"4":{"start":{"line":5,"column":4},"end":{"line":5,"column":48}},"5":{"start":{"line":6,"column":2},"end":{"line":6,"column":170}},"6":{"start":{"line":7,"column":2},"end":{"line":8,"column":47}},"7":{"start":{"line":8,"column":4},"end":{"line":8,"column":47}},"8":{"start":{"line":9,"column":2},"end":{"line":9,"column":28}},"9":{"start":{"line":10,"column":2},"end":{"line":10,"column":28}},"10":{"start":{"line":11,"column":2},"end":{"line":11,"column":28}},"11":{"start":{"line":12,"column":2},"end":{"line":12,"column":24}},"12":{"start":{"line":13,"column":2},"end":{"line":13,"column":28}},"13":{"start":{"line":14,"column":2},"end":{"line":14,"column":24}},"14":{"start":{"line":15,"column":2},"end":{"line":15,"column":28}},"15":{"start":{"line":16,"column":2},"end":{"line":16,"column":26}},"16":{"start":{"line":17,"column":2},"end":{"line":17,"column":24}},"17":{"start":{"line":18,"column":2},"end":{"line":46,"column":3}},"18":{"start":{"line":19,"column":4},"end":{"line":19,"column":83}},"19":{"start":{"line":20,"column":4},"end":{"line":20,"column":47}},"20":{"start":{"line":21,"column":4},"end":{"line":22,"column":27}},"21":{"start":{"line":22,"column":6},"end":{"line":22,"column":27}},"22":{"start":{"line":23,"column":4},"end":{"line":24,"column":180}},"23":{"start":{"line":24,"column":6},"end":{"line":24,"column":180}},"24":{"start":{"line":26,"column":4},"end":{"line":26,"column":20}},"25":{"start":{"line":27,"column":4},"end":{"line":35,"column":9}},"26":{"start":{"line":31,"column":8},"end":{"line":34,"column":25}},"27":{"start":{"line":32,"column":10},"end":{"line":32,"column":23}},"28":{"start":{"line":34,"column":10},"end":{"line":34,"column":25}},"29":{"start":{"line":36,"column":4},"end":{"line":36,"column":78}},"30":{"start":{"line":37,"column":4},"end":{"line":43,"column":5}},"31":{"start":{"line":38,"column":6},"end":{"line":38,"column":23}},"32":{"start":{"line":39,"column":6},"end":{"line":39,"column":31}},"33":{"start":{"line":40,"column":6},"end":{"line":40,"column":23}},"34":{"start":{"line":41,"column":6},"end":{"line":41,"column":31}},"35":{"start":{"line":42,"column":6},"end":{"line":42,"column":31}},"36":{"start":{"line":44,"column":4},"end":{"line":45,"column":31}},"37":{"start":{"line":45,"column":6},"end":{"line":45,"column":31}},"38":{"start":{"line":49,"column":2},"end":{"line":50,"column":44}},"39":{"start":{"line":50,"column":4},"end":{"line":50,"column":44}},"40":{"start":{"line":52,"column":2},"end":{"line":52,"column":91}},"41":{"start":{"line":53,"column":2},"end":{"line":53,"column":197}},"42":{"start":{"line":54,"column":2},"end":{"line":54,"column":27}},"43":{"start":{"line":55,"column":2},"end":{"line":55,"column":27}},"44":{"start":{"line":56,"column":2},"end":{"line":56,"column":27}},"45":{"start":{"line":57,"column":2},"end":{"line":57,"column":19}},"46":{"start":{"line":58,"column":2},"end":{"line":58,"column":27}},"47":{"start":{"line":59,"column":2},"end":{"line":59,"column":19}},"48":{"start":{"line":60,"column":2},"end":{"line":60,"column":27}},"49":{"start":{"line":61,"column":2},"end":{"line":61,"column":23}},"50":{"start":{"line":62,"column":2},"end":{"line":62,"column":19}},"51":{"start":{"line":64,"column":0},"end":{"line":64,"column":33}}},"branchMap":{"1":{"line":4,"type":"if","locations":[{"start":{"line":4,"column":2},"end":{"line":4,"column":2}},{"start":{"line":4,"column":2},"end":{"line":4,"column":2}}]},"2":{"line":7,"type":"if","locations":[{"start":{"line":7,"column":2},"end":{"line":7,"column":2}},{"start":{"line":7,"column":2},"end":{"line":7,"column":2}}]},"3":{"line":9,"type":"binary-expr","locations":[{"start":{"line":9,"column":17},"end":{"line":9,"column":21}},{"start":{"line":9,"column":25},"end":{"line":9,"column":27}}]},"4":{"line":10,"type":"binary-expr","locations":[{"start":{"line":10,"column":17},"end":{"line":10,"column":21}},{"start":{"line":10,"column":25},"end":{"line":10,"column":27}}]},"5":{"line":11,"type":"binary-expr","locations":[{"start":{"line":11,"column":17},"end":{"line":11,"column":21}},{"start":{"line":11,"column":25},"end":{"line":11,"column":27}}]},"6":{"line":12,"type":"binary-expr","locations":[{"start":{"line":12,"column":13},"end":{"line":12,"column":17}},{"start":{"line":12,"column":21},"end":{"line":12,"column":23}}]},"7":{"line":13,"type":"binary-expr","locations":[{"start":{"line":13,"column":17},"end":{"line":13,"column":21}},{"start":{"line":13,"column":25},"end":{"line":13,"column":27}}]},"8":{"line":14,"type":"binary-expr","locations":[{"start":{"line":14,"column":13},"end":{"line":14,"column":17}},{"start":{"line":14,"column":21},"end":{"line":14,"column":23}}]},"9":{"line":15,"type":"binary-expr","locations":[{"start":{"line":15,"column":17},"end":{"line":15,"column":21}},{"start":{"line":15,"column":25},"end":{"line":15,"column":27}}]},"10":{"line":16,"type":"binary-expr","locations":[{"start":{"line":16,"column":15},"end":{"line":16,"column":19}},{"start":{"line":16,"column":23},"end":{"line":16,"column":25}}]},"11":{"line":17,"type":"binary-expr","locations":[{"start":{"line":17,"column":13},"end":{"line":17,"column":17}},{"start":{"line":17,"column":21},"end":{"line":17,"column":23}}]},"12":{"line":18,"type":"if","locations":[{"start":{"line":18,"column":2},"end":{"line":18,"column":2}},{"start":{"line":18,"column":2},"end":{"line":18,"column":2}}]},"13":{"line":19,"type":"cond-expr","locations":[{"start":{"line":19,"column":48},"end":{"line":19,"column":55}},{"start":{"line":19,"column":58},"end":{"line":19,"column":82}}]},"14":{"line":20,"type":"binary-expr","locations":[{"start":{"line":20,"column":15},"end":{"line":20,"column":24}},{"start":{"line":20,"column":28},"end":{"line":20,"column":33}},{"start":{"line":20,"column":37},"end":{"line":20,"column":46}}]},"15":{"line":21,"type":"if","locations":[{"start":{"line":21,"column":4},"end":{"line":21,"column":4}},{"start":{"line":21,"column":4},"end":{"line":21,"column":4}}]},"16":{"line":21,"type":"binary-expr","locations":[{"start":{"line":21,"column":8},"end":{"line":21,"column":12}},{"start":{"line":21,"column":16},"end":{"line":21,"column":25}},{"start":{"line":21,"column":29},"end":{"line":21,"column":36}}]},"17":{"line":23,"type":"if","locations":[{"start":{"line":23,"column":4},"end":{"line":23,"column":4}},{"start":{"line":23,"column":4},"end":{"line":23,"column":4}}]},"18":{"line":23,"type":"binary-expr","locations":[{"start":{"line":23,"column":8},"end":{"line":23,"column":12}},{"start":{"line":23,"column":16},"end":{"line":23,"column":35}}]},"19":{"line":24,"type":"cond-expr","locations":[{"start":{"line":24,"column":30},"end":{"line":24,"column":161}},{"start":{"line":24,"column":165},"end":{"line":24,"column":178}}]},"20":{"line":24,"type":"cond-expr","locations":[{"start":{"line":24,"column":80},"end":{"line":24,"column":83}},{"start":{"line":24,"column":86},"end":{"line":24,"column":88}}]},"21":{"line":24,"type":"binary-expr","locations":[{"start":{"line":24,"column":32},"end":{"line":24,"column":41}},{"start":{"line":24,"column":45},"end":{"line":24,"column":58}},{"start":{"line":24,"column":63},"end":{"line":24,"column":77}}]},"22":{"line":31,"type":"if","locations":[{"start":{"line":31,"column":8},"end":{"line":31,"column":8}},{"start":{"line":31,"column":8},"end":{"line":31,"column":8}}]},"23":{"line":36,"type":"cond-expr","locations":[{"start":{"line":36,"column":68},"end":{"line":36,"column":71}},{"start":{"line":36,"column":74},"end":{"line":36,"column":76}}]},"24":{"line":37,"type":"if","locations":[{"start":{"line":37,"column":4},"end":{"line":37,"column":4}},{"start":{"line":37,"column":4},"end":{"line":37,"column":4}}]},"25":{"line":44,"type":"if","locations":[{"start":{"line":44,"column":4},"end":{"line":44,"column":4}},{"start":{"line":44,"column":4},"end":{"line":44,"column":4}}]},"26":{"line":49,"type":"if","locations":[{"start":{"line":49,"column":2},"end":{"line":49,"column":2}},{"start":{"line":49,"column":2},"end":{"line":49,"column":2}}]},"27":{"line":52,"type":"cond-expr","locations":[{"start":{"line":52,"column":23},"end":{"line":52,"column":85}},{"start":{"line":52,"column":88},"end":{"line":52,"column":90}}]},"28":{"line":52,"type":"cond-expr","locations":[{"start":{"line":52,"column":68},"end":{"line":52,"column":72}},{"start":{"line":52,"column":75},"end":{"line":52,"column":77}}]},"29":{"line":52,"type":"binary-expr","locations":[{"start":{"line":52,"column":35},"end":{"line":52,"column":50}},{"start":{"line":52,"column":54},"end":{"line":52,"column":65}}]},"30":{"line":53,"type":"cond-expr","locations":[{"start":{"line":53,"column":68},"end":{"line":53,"column":72}},{"start":{"line":53,"column":75},"end":{"line":53,"column":77}}]},"31":{"line":53,"type":"binary-expr","locations":[{"start":{"line":53,"column":26},"end":{"line":53,"column":34}},{"start":{"line":53,"column":38},"end":{"line":53,"column":42}},{"start":{"line":53,"column":46},"end":{"line":53,"column":65}}]},"32":{"line":53,"type":"cond-expr","locations":[{"start":{"line":53,"column":100},"end":{"line":53,"column":156}},{"start":{"line":53,"column":159},"end":{"line":53,"column":161}}]},"33":{"line":53,"type":"cond-expr","locations":[{"start":{"line":53,"column":130},"end":{"line":53,"column":144}},{"start":{"line":53,"column":147},"end":{"line":53,"column":149}}]},"34":{"line":65,"type":"cond-expr","locations":[{"start":{"line":65,"column":32},"end":{"line":65,"column":36}},{"start":{"line":65,"column":39},"end":{"line":65,"column":45}}]}},"code":["// from https://gist.github.com/Yaffle/1088850","(function(global) {","function URLPolyfill(url, baseURL) {","  if (typeof url != 'string')","    throw new TypeError('URL must be a string');","  var m = String(url).replace(/^\\s+|\\s+$/g, \"\").match(/^([^:\\/?#]+:)?(?:\\/\\/(?:([^:@\\/?#]*)(?::([^:@\\/?#]*))?@)?(([^:\\/?#]*)(?::(\\d*))?))?([^?#]*)(\\?[^#]*)?(#[\\s\\S]*)?/);","  if (!m)","    throw new RangeError('Invalid URL format');","  var protocol = m[1] || \"\";","  var username = m[2] || \"\";","  var password = m[3] || \"\";","  var host = m[4] || \"\";","  var hostname = m[5] || \"\";","  var port = m[6] || \"\";","  var pathname = m[7] || \"\";","  var search = m[8] || \"\";","  var hash = m[9] || \"\";","  if (baseURL !== undefined) {","    var base = baseURL instanceof URLPolyfill ? baseURL : new URLPolyfill(baseURL);","    var flag = !protocol && !host && !username;","    if (flag && !pathname && !search)","      search = base.search;","    if (flag && pathname[0] !== \"/\")","      pathname = (pathname ? (((base.host || base.username) && !base.pathname ? \"/\" : \"\") + base.pathname.slice(0, base.pathname.lastIndexOf(\"/\") + 1) + pathname) : base.pathname);","    // dot segments removal","    var output = [];","    pathname.replace(/^(\\.\\.?(\\/|$))+/, \"\")","      .replace(/\\/(\\.(\\/|$))+/g, \"/\")","      .replace(/\\/\\.\\.$/, \"/../\")","      .replace(/\\/?[^\\/]*/g, function (p) {","        if (p === \"/..\")","          output.pop();","        else","          output.push(p);","      });","    pathname = output.join(\"\").replace(/^\\//, pathname[0] === \"/\" ? \"/\" : \"\");","    if (flag) {","      port = base.port;","      hostname = base.hostname;","      host = base.host;","      password = base.password;","      username = base.username;","    }","    if (!protocol)","      protocol = base.protocol;","  }","","  // convert windows file URLs to use /","  if (protocol == 'file:')","    pathname = pathname.replace(/\\\\/g, '/');","","  this.origin = host ? protocol + (protocol !== \"\" || host !== \"\" ? \"//\" : \"\") + host : \"\";","  this.href = protocol + (protocol && host || protocol == \"file:\" ? \"//\" : \"\") + (username !== \"\" ? username + (password !== \"\" ? \":\" + password : \"\") + \"@\" : \"\") + host + pathname + search + hash;","  this.protocol = protocol;","  this.username = username;","  this.password = password;","  this.host = host;","  this.hostname = hostname;","  this.port = port;","  this.pathname = pathname;","  this.search = search;","  this.hash = hash;","}","global.URLPolyfill = URLPolyfill;","})(typeof self != 'undefined' ? self : global);"],"l":{"2":1,"3":1,"4":0,"5":0,"6":0,"7":0,"8":0,"9":0,"10":0,"11":0,"12":0,"13":0,"14":0,"15":0,"16":0,"17":0,"18":0,"19":0,"20":0,"21":0,"22":0,"23":0,"24":0,"26":0,"27":0,"31":0,"32":0,"34":0,"36":0,"37":0,"38":0,"39":0,"40":0,"41":0,"42":0,"44":0,"45":0,"49":0,"50":0,"52":0,"53":0,"54":0,"55":0,"56":0,"57":0,"58":0,"59":0,"60":0,"61":0,"62":0,"64":1}}}